["2025-09-12T16:34:07.603", "DEBUG", "ubuntupro.config", "parse_config", 518, "Using client configuration file at /etc/ubuntu-advantage/uaclient.conf", {}]
["2025-09-12T16:34:07.605", "DEBUG", "ubuntupro.system", "load_file", 583, "Reading file: /etc/ubuntu-advantage/uaclient.conf", {}]
["2025-09-12T16:34:07.605", "DEBUG", "ubuntupro.files.files", "read", 58, "Tried to load /var/lib/ubuntu-advantage/user-config.json but file does not exist", {}]
["2025-09-12T16:34:07.613", "DEBUG", "ubuntupro.http", "configure_web_proxy", 149, "Setting no_proxy: 169.254.169.254,[fd00:ec2::254],metadata", {}]
["2025-09-12T16:34:07.613", "DEBUG", "ubuntupro.http", "configure_web_proxy", 157, "Setting global proxy dict", {}]
["2025-09-12T16:34:07.613", "DEBUG", "ubuntupro.cli", "main", 287, "Executed with sys.argv: ['/usr/bin/pro', 'status', '--format=json']", {}]
["2025-09-12T16:34:07.614", "DEBUG", "ubuntupro.files.files", "read", 58, "Tried to load /var/lib/ubuntu-advantage/machine-token.json but file does not exist", {}]
["2025-09-12T16:34:07.614", "DEBUG", "ubuntupro.files.files", "read", 58, "Tried to load /var/lib/ubuntu-advantage/machine-token.json but file does not exist", {}]
["2025-09-12T16:34:07.614", "DEBUG", "ubuntupro.system", "load_file", 583, "Reading file: /proc/cpuinfo", {}]
["2025-09-12T16:34:07.614", "INFO", "ubuntupro.system", "get_cpu_info", 296, "could not open /proc/sysinfo", {}]
["2025-09-12T16:34:07.614", "INFO", "ubuntupro.system", "get_cpu_info", 306, "could not open /sys/firmware/devicetree/base/model", {}]
["2025-09-12T16:34:07.614", "DEBUG", "ubuntupro.system", "load_file", 583, "Reading file: /etc/os-release", {}]
["2025-09-12T16:34:07.614", "DEBUG", "ubuntupro.system", "load_file", 583, "Reading file: /proc/version_signature", {}]
["2025-09-12T16:34:07.616", "WARNING", "ubuntupro.system", "_get_kernel_build_date", 150, "Unable to parse build date from uname version", {}]
["2025-09-12T16:34:07.623", "WARNING", "ubuntupro.system", "_get_kernel_changelog_timestamp", 123, "Falling back to using timestamp of kernel changelog", {}]
["2025-09-12T16:34:07.943", "DEBUG", "ubuntupro.system", "load_file", 583, "Reading file: /proc/1/cgroup", {}]
["2025-09-12T16:34:07.944", "DEBUG", "ubuntupro.files.files", "read", 58, "Tried to load /var/lib/ubuntu-advantage/machine-token.json but file does not exist", {}]
["2025-09-12T16:34:07.944", "DEBUG", "ubuntupro.files.files", "read", 58, "Tried to load /var/lib/ubuntu-advantage/machine-token.json but file does not exist", {}]
["2025-09-12T16:34:07.944", "DEBUG", "ubuntupro.http", "readurl", 420, "URL [GET]: https://contracts.canonical.com/v1/resources?architecture=amd64&kernel=6.14.0-29-generic&series=noble&virt=, headers: {'accept': 'application/json', 'content-type': 'application/json', 'user-agent': 'UA-Client/36ubuntu0~24.04'}, data: None", {}]
["2025-09-12T16:34:07.945", "DEBUG", "ubuntupro.http", "should_use_pycurl", 214, "Should use pycurl: False", {}]
["2025-09-12T16:34:08.152", "DEBUG", "ubuntupro.http", "readurl", 464, "URL [GET] response: https://contracts.canonical.com/v1/resources?architecture=amd64&kernel=6.14.0-29-generic&series=noble&virt=, headers: {'accept-ranges': 'bytes', 'cache-control': 'no-store, max-age=0', 'connection': 'close', 'content-length': '928', 'content-type': 'application/json', 'date': 'Fri, 12 Sep 2025 14:34:08 GMT', 'server': 'nginx/1.18.0 (Ubuntu)', 'strict-transport-security': 'max-age=15724800; includeSubDomains', 'x-cache-status': 'MISS from content-cache-il3/1', 'x-trace-id': '3759c919-b547-49eb-a663-50d0a911e0c0'}, data: {'resources': [{'available': True, 'name': 'anbox-cloud'}, {'available': True, 'name': 'anbox-images'}, {'available': True, 'name': 'cc'}, {'available': False, 'name': 'cc-eal'}, {'available': True, 'name': 'cis', 'presentedAs': 'usg'}, {'available': False, 'name': 'esm'}, {'available': True, 'name': 'esm-apps'}, {'available': False, 'name': 'esm-apps-legacy'}, {'available': False, 'name': 'esm-apps-python'}, {'available': True, 'name': 'esm-infra'}, {'available': False, 'name': 'esm-infra-legacy'}, {'available': False, 'name': 'esm-python'}, {'available': False, 'name': 'esm-ros'}, {'available': False, 'name': 'fips'}, {'available': False, 'name': 'fips-preview'}, {'available': True, 'name': 'fips-updates'}, {'available': True, 'name': 'landscape'}, {'available': True, 'name': 'livepatch'}, {'available': True, 'name': 'livepatch-onprem'}, {'available': True, 'name': 'realtime-kernel'}, {'available': False, 'name': 'ros'}, {'available': False, 'name': 'ros-updates'}, {'available': True, 'name': 'support'}]}", {}]
["2025-09-12T16:34:08.157", "DEBUG", "ubuntupro.status", "_unattached_status", 301, "Ignoring availability of unknown service anbox-images from contract server", {}]
["2025-09-12T16:34:08.157", "DEBUG", "ubuntupro.status", "_unattached_status", 301, "Ignoring availability of unknown service cc from contract server", {}]
["2025-09-12T16:34:08.158", "DEBUG", "ubuntupro.status", "_unattached_status", 301, "Ignoring availability of unknown service esm from contract server", {}]
["2025-09-12T16:34:08.158", "DEBUG", "ubuntupro.status", "_unattached_status", 301, "Ignoring availability of unknown service esm-apps-legacy from contract server", {}]
["2025-09-12T16:34:08.159", "DEBUG", "ubuntupro.status", "_unattached_status", 301, "Ignoring availability of unknown service esm-apps-python from contract server", {}]
["2025-09-12T16:34:08.159", "DEBUG", "ubuntupro.status", "_unattached_status", 301, "Ignoring availability of unknown service esm-infra-legacy from contract server", {}]
["2025-09-12T16:34:08.160", "DEBUG", "ubuntupro.status", "_unattached_status", 301, "Ignoring availability of unknown service esm-python from contract server", {}]
["2025-09-12T16:34:08.160", "DEBUG", "ubuntupro.status", "_unattached_status", 301, "Ignoring availability of unknown service esm-ros from contract server", {}]
["2025-09-12T16:34:08.161", "DEBUG", "ubuntupro.livepatch", "status", 126, "canonical-livepatch is not installed", {}]
["2025-09-12T16:34:08.161", "DEBUG", "ubuntupro.files.files", "read", 58, "Tried to load /home/ronald-orozco/.cache/ubuntu-pro/livepatch-kernel-support-cache.json but file does not exist", {}]
["2025-09-12T16:34:08.162", "DEBUG", "ubuntupro.livepatch", "on_supported_kernel", 361, "using livepatch support api", {}]
["2025-09-12T16:34:08.162", "DEBUG", "ubuntupro.config", "parse_config", 518, "Using client configuration file at /etc/ubuntu-advantage/uaclient.conf", {}]
["2025-09-12T16:34:08.162", "DEBUG", "ubuntupro.system", "load_file", 583, "Reading file: /etc/ubuntu-advantage/uaclient.conf", {}]
["2025-09-12T16:34:08.163", "DEBUG", "ubuntupro.files.files", "read", 58, "Tried to load /var/lib/ubuntu-advantage/user-config.json but file does not exist", {}]
["2025-09-12T16:34:08.164", "DEBUG", "ubuntupro.http", "readurl", 420, "URL [GET]: https://livepatch.canonical.com/v1/api/kernels/supported?architecture=amd64&build-date=2025-08-14T15%3A08%3A56%2B00%3A00&codename=noble&flavour=generic&kernel-version=6.14, headers: {'accept': 'application/json', 'content-type': 'application/json', 'user-agent': 'UA-Client/36ubuntu0~24.04'}, data: None", {}]
["2025-09-12T16:34:08.164", "DEBUG", "ubuntupro.http", "should_use_pycurl", 214, "Should use pycurl: False", {}]
["2025-09-12T16:34:08.296", "DEBUG", "ubuntupro.http", "readurl", 464, "URL [GET] response: https://livepatch.canonical.com/v1/api/kernels/supported?architecture=amd64&build-date=2025-08-14T15%3A08%3A56%2B00%3A00&codename=noble&flavour=generic&kernel-version=6.14, headers: {'accept-ranges': 'bytes', 'cache-control': 'no-store, max-age=0', 'connection': 'close', 'content-length': '58', 'content-type': 'application/json', 'date': 'Fri, 12 Sep 2025 14:34:08 GMT', 'server': 'nginx/1.18.0 (Ubuntu)', 'strict-transport-security': 'max-age=15724800; includeSubDomains', 'x-cache-status': 'MISS from content-cache-il3/4'}, data: {'SruDate': datetime.datetime(2026, 5, 14, 15, 8, 56, tzinfo=datetime.timezone.utc), 'Supported': 'supported'}", {}]
["2025-09-12T16:34:08.298", "DEBUG", "ubuntupro.system", "write_file", 627, "Writing file /home/ronald-orozco/.cache/ubuntu-pro/livepatch-kernel-support-cache.json atomically via tempfile /home/ronald-orozco/.cache/ubuntu-pro/tmpavad46u4", {}]
["2025-09-12T16:34:08.298", "DEBUG", "ubuntupro.status", "_unattached_status", 301, "Ignoring availability of unknown service livepatch-onprem from contract server", {}]
["2025-09-12T16:34:08.299", "DEBUG", "ubuntupro.status", "_unattached_status", 301, "Ignoring availability of unknown service support from contract server", {}]
["2025-09-12T16:34:08.300", "DEBUG", "ubuntupro.files.files", "read", 58, "Tried to load /var/lib/ubuntu-advantage/lock but file does not exist", {}]
["2025-09-12T16:34:08.300", "DEBUG", "ubuntupro.files.files", "read", 58, "Tried to load /var/lib/ubuntu-advantage/user-config.json but file does not exist", {}]
