[20250929-15:31:25] [INFO ] Socket 12: AF_UNIX connection received
[20250929-15:31:25] [INFO ] sound_process_output_format:
[20250929-15:31:25] [INFO ]       wFormatNo       0
[20250929-15:31:25] [INFO ]       wFormatTag      WAVE_FORMAT_PCM
[20250929-15:31:25] [INFO ]       nChannels       2
[20250929-15:31:25] [INFO ]       nSamplesPerSec  44100
[20250929-15:31:25] [INFO ]       nAvgBytesPerSec 176400
[20250929-15:31:25] [INFO ]       nBlockAlign     4
[20250929-15:31:25] [INFO ]       wBitsPerSample  16
[20250929-15:31:25] [INFO ]       cbSize          0
[20250929-15:31:25] [INFO ] sound_process_output_format:
[20250929-15:31:25] [INFO ]       wFormatNo       1
[20250929-15:31:25] [INFO ]       wFormatTag      WAVE_FORMAT_PCM
[20250929-15:31:25] [INFO ]       nChannels       2
[20250929-15:31:25] [INFO ]       nSamplesPerSec  22050
[20250929-15:31:25] [INFO ]       nAvgBytesPerSec 88200
[20250929-15:31:25] [INFO ]       nBlockAlign     4
[20250929-15:31:25] [INFO ]       wBitsPerSample  16
[20250929-15:31:25] [INFO ]       cbSize          0
[20250929-15:31:25] [INFO ] sound_process_training: round trip time 1
[20250929-15:31:25] [INFO ] Detected remote smartcard 'SCARD'
[20250929-15:31:25] [INFO ] Detected remote printer 'PRN4' (not supported)
[20250929-15:31:25] [INFO ] Detected remote printer 'PRN3' (not supported)
[20250929-15:31:25] [INFO ] Detected remote printer 'PRN2' (not supported)
[20250929-16:11:43] [ERROR] clipboard_event_selection_request: unknown target text/plain;charset=utf-8
[20250929-16:12:01] [ERROR] clipboard_event_selection_request: unknown target text/plain;charset=utf-8
[20250929-16:12:43] [ERROR] clipboard_event_selection_request: unknown target text/plain;charset=utf-8
[20250929-16:13:11] [ERROR] clipboard_event_selection_request: unknown target text/plain;charset=utf-8
[20250929-16:14:19] [ERROR] clipboard_event_selection_request: unknown target text/plain;charset=utf-8
[20250929-16:14:32] [ERROR] clipboard_event_selection_request: unknown target text/plain;charset=utf-8
[20250929-16:24:11] [ERROR] clipboard_event_selection_request: unknown target text/plain;charset=utf-8
[20250929-16:24:30] [ERROR] clipboard_event_selection_request: unknown target text/plain;charset=utf-8
[20250929-16:24:51] [ERROR] clipboard_event_selection_request: unknown target text/plain;charset=utf-8
[20250929-16:25:52] [ERROR] clipboard_event_selection_request: unknown target text/plain;charset=utf-8
[20250929-16:26:07] [ERROR] clipboard_event_selection_request: unknown target text/plain;charset=utf-8
[20250929-16:26:17] [ERROR] clipboard_event_selection_request: unknown target text/plain;charset=utf-8
[20250929-16:26:28] [ERROR] clipboard_event_selection_request: unknown target text/plain;charset=utf-8
[20250929-16:27:04] [ERROR] clipboard_event_selection_request: unknown target text/plain;charset=utf-8
[20250929-16:27:30] [ERROR] clipboard_event_selection_request: unknown target text/plain;charset=utf-8
[20250929-16:27:53] [ERROR] clipboard_event_selection_request: unknown target text/plain;charset=utf-8
[20250929-16:28:09] [ERROR] clipboard_event_selection_request: unknown target text/plain;charset=utf-8
[20250929-16:28:20] [ERROR] clipboard_event_selection_request: unknown target text/plain;charset=utf-8
[20250929-16:28:57] [ERROR] clipboard_event_selection_request: unknown target text/plain;charset=utf-8
[20250929-16:29:17] [ERROR] clipboard_event_selection_request: unknown target text/plain;charset=utf-8
[20250929-16:30:05] [ERROR] clipboard_event_selection_request: unknown target text/plain;charset=utf-8
[20250929-16:31:08] [ERROR] clipboard_event_selection_request: unknown target text/plain;charset=utf-8
