13/09/25 19:45:49 Xvnc version TightVNC-1.3.10
13/09/25 19:45:49 Copyright (C) 2000-2009 TightVNC Group
13/09/25 19:45:49 Copyright (C) 1999 AT&T Laboratories Cambridge
13/09/25 19:45:49 All Rights Reserved.
13/09/25 19:45:49 See http://www.tightvnc.com/ for information on TightVNC
13/09/25 19:45:49 Desktop name 'X' (ronald-orozco-To-be-filled-by-O-E-M:1)
13/09/25 19:45:49 Protocol versions supported: 3.3, 3.7, 3.8, 3.7t, 3.8t
13/09/25 19:45:49 Listening for VNC connections on TCP port 5901
Font directory '/usr/share/fonts/X11/75dpi/' not found - ignoring
Font directory '/usr/share/fonts/X11/100dpi/' not found - ignoring
xrdb: No such file or directory
xrdb: can't open file '/home/ronald-orozco/.Xresources'

13/09/25 19:53:57 Got connection from client 192.168.1.140
13/09/25 19:53:57 Using protocol version 3.8
13/09/25 19:54:09 Full-control authentication passed by 192.168.1.140
13/09/25 19:54:09 rfbProcessClientNormalMessage: ignoring unknown encoding 24
13/09/25 19:54:09 rfbProcessClientNormalMessage: ignoring unknown encoding 16
13/09/25 19:54:09 rfbProcessClientNormalMessage: ignoring unknown encoding 22
13/09/25 19:54:09 rfbProcessClientNormalMessage: ignoring unknown encoding 21
13/09/25 19:54:09 rfbProcessClientNormalMessage: ignoring unknown encoding 15
13/09/25 19:54:09 Using zlib encoding for client 192.168.1.140
13/09/25 19:54:09 rfbProcessClientNormalMessage: ignoring unknown encoding -314
13/09/25 19:54:09 Enabling full-color cursor updates for client 192.168.1.140
13/09/25 19:54:09 rfbProcessClientNormalMessage: ignoring unknown encoding -223
13/09/25 19:54:09 Pixel format for client 192.168.1.140:
13/09/25 19:54:09   8 bpp, depth 6
13/09/25 19:54:09   true colour: max r 3 g 3 b 3, shift r 4 g 2 b 0
13/09/25 19:54:10 Using raw encoding for client 192.168.1.140
13/09/25 19:54:10 rfbProcessClientNormalMessage: ignoring unknown encoding 24
13/09/25 19:54:10 rfbProcessClientNormalMessage: ignoring unknown encoding 22
13/09/25 19:54:10 rfbProcessClientNormalMessage: ignoring unknown encoding 21
13/09/25 19:54:10 rfbProcessClientNormalMessage: ignoring unknown encoding 16
13/09/25 19:54:10 rfbProcessClientNormalMessage: ignoring unknown encoding 15
13/09/25 19:54:10 rfbProcessClientNormalMessage: ignoring unknown encoding -314
13/09/25 19:54:10 Enabling full-color cursor updates for client 192.168.1.140
13/09/25 19:54:10 rfbProcessClientNormalMessage: ignoring unknown encoding -223
13/09/25 19:54:10 rfbProcessClientNormalMessage: ignoring unknown encoding 24
13/09/25 19:54:10 rfbProcessClientNormalMessage: ignoring unknown encoding 16
13/09/25 19:54:10 rfbProcessClientNormalMessage: ignoring unknown encoding 22
13/09/25 19:54:10 rfbProcessClientNormalMessage: ignoring unknown encoding 21
13/09/25 19:54:10 rfbProcessClientNormalMessage: ignoring unknown encoding 15
13/09/25 19:54:10 Using zlib encoding for client 192.168.1.140
13/09/25 19:54:10 rfbProcessClientNormalMessage: ignoring unknown encoding -314
13/09/25 19:54:10 Enabling full-color cursor updates for client 192.168.1.140
13/09/25 19:54:10 rfbProcessClientNormalMessage: ignoring unknown encoding -223
13/09/25 19:54:10 Pixel format for client 192.168.1.140:
13/09/25 19:54:10   32 bpp, depth 24, little endian
13/09/25 19:54:10   true colour: max r 255 g 255 b 255, shift r 16 g 8 b 0
13/09/25 19:54:10   no translation needed
13/09/25 19:54:18 rfbProcessClientNormalMessage: ignoring unknown encoding 24
13/09/25 19:54:18 rfbProcessClientNormalMessage: ignoring unknown encoding 15
13/09/25 19:54:18 Using hextile encoding for client 192.168.1.140
13/09/25 19:54:18 rfbProcessClientNormalMessage: ignoring unknown encoding 16
13/09/25 19:54:18 rfbProcessClientNormalMessage: ignoring unknown encoding 22
13/09/25 19:54:18 rfbProcessClientNormalMessage: ignoring unknown encoding 21
13/09/25 19:54:18 rfbProcessClientNormalMessage: ignoring unknown encoding -314
13/09/25 19:54:18 Enabling full-color cursor updates for client 192.168.1.140
13/09/25 19:54:18 rfbProcessClientNormalMessage: ignoring unknown encoding -223
13/09/25 19:54:56 Client 192.168.1.140 gone
13/09/25 19:54:56 Statistics:
13/09/25 19:54:56   key events received 2, pointer events 1077
13/09/25 19:54:56   framebuffer updates 75, rectangles 167, bytes 2031894
13/09/25 19:54:56     cursor shape updates 12, bytes 13200
13/09/25 19:54:56     raw rectangles 1, bytes 16396
13/09/25 19:54:56     hextile rectangles 70, bytes 1632995
13/09/25 19:54:56     zlib rectangles 84, bytes 369303
13/09/25 19:54:56   raw bytes equivalent 14296864, compression ratio 7.082234
