{"logTime": "0913/221818", "correlationVector":"+gvBXESaaEFYG8xEoChjTB","action":"Initial GetUpdates", "result":"", "context":Reason: RECONFIGURATION. cV=+gvBXESaaEFYG8xEoChjTB}
{"logTime": "0913/221819", "correlationVector":"+gvBXESaaEFYG8xEoChjTB.1","action":"SyncServerConnectionManagerRequest", "result":"SYNC_SERVER_OK", "context":{"environment":"Prod_francecentral_prod-s01-062-eur-francecentral", "migrationStage":"NotStarted", "server":"akswtt10300000l"}}
{"logTime": "0913/221819", "correlationVector":"+gvBXESaaEFYG8xEoChjTB.2","action":"ProcessGetUpdates", "result":"Done", "context":{"dataType":"Autofill Profiles", "deleted":"0", "process_failed_to_decrypt":"0", "process_pending_decryption":"0", "process_success":"5", "total":"5"}}
{"logTime": "0913/221819", "correlationVector":"+gvBXESaaEFYG8xEoChjTB.3","action":"ProcessGetUpdates", "result":"Done", "context":{"dataType":"Autofill", "deleted":"0", "process_failed_to_decrypt":"0", "process_pending_decryption":"0", "process_success":"12", "total":"12"}}
{"logTime": "0913/221819", "correlationVector":"+gvBXESaaEFYG8xEoChjTB.4","action":"ProcessGetUpdates", "result":"Done", "context":{"dataType":"Sessions", "deleted":"225", "process_failed_to_decrypt":"0", "process_pending_decryption":"0", "process_success":"225", "total":"225"}}
{"logTime": "0913/221819", "correlationVector":"+gvBXESaaEFYG8xEoChjTB.5","action":"ProcessGetUpdates", "result":"Done", "context":{"dataType":"Saved Tab Group", "deleted":"3", "process_failed_to_decrypt":"0", "process_pending_decryption":"0", "process_success":"3", "total":"3"}}
{"logTime": "0913/221819", "correlationVector":"+gvBXESaaEFYG8xEoChjTB.6","action":"ProcessGetUpdates", "result":"Done", "context":{"dataType":"Edge Hub App Usage", "deleted":"1", "process_failed_to_decrypt":"0", "process_pending_decryption":"0", "process_success":"5", "total":"5"}}
{"logTime": "0913/221819", "correlationVector":"+gvBXESaaEFYG8xEoChjTB.7","action":"GetUpdates Response", "result":"Success", "context":Received 250 update(s). cV=+gvBXESaaEFYG8xEoChjTB.0;server=akswtt10300000l;cloudType=Consumer;environment=Prod_francecentral_prod-s01-062-eur-francecentral;migrationStage=NotStarted Some updates remain.}
{"logTime": "0913/221819", "correlationVector":"0UsBIaLO850sorl6sBrmUc","action":"Initial GetUpdates", "result":"", "context":Reason: RECONFIGURATION. cV=0UsBIaLO850sorl6sBrmUc}
{"logTime": "0913/221819", "correlationVector":"0UsBIaLO850sorl6sBrmUc.1","action":"SyncServerConnectionManagerRequest", "result":"SYNC_SERVER_OK", "context":{"environment":"Prod_francecentral_prod-s01-062-eur-francecentral", "migrationStage":"NotStarted", "server":"akswtt10300001g"}}
{"logTime": "0913/221819", "correlationVector":"0UsBIaLO850sorl6sBrmUc.2","action":"ProcessGetUpdates", "result":"Done", "context":{"dataType":"Autofill", "deleted":"0", "process_failed_to_decrypt":"0", "process_pending_decryption":"0", "process_success":"1", "total":"1"}}
{"logTime": "0913/221819", "correlationVector":"0UsBIaLO850sorl6sBrmUc.3","action":"ProcessGetUpdates", "result":"Done", "context":{"dataType":"Sessions", "deleted":"186", "process_failed_to_decrypt":"0", "process_pending_decryption":"0", "process_success":"235", "total":"235"}}
{"logTime": "0913/221819", "correlationVector":"0UsBIaLO850sorl6sBrmUc.4","action":"ProcessGetUpdates", "result":"Done", "context":{"dataType":"Edge Hub App Usage", "deleted":"0", "process_failed_to_decrypt":"0", "process_pending_decryption":"0", "process_success":"2", "total":"2"}}
{"logTime": "0913/221819", "correlationVector":"0UsBIaLO850sorl6sBrmUc.5","action":"GetUpdates Response", "result":"Success", "context":Received 238 update(s). cV=0UsBIaLO850sorl6sBrmUc.0;server=akswtt10300001g;cloudType=Consumer;environment=Prod_francecentral_prod-s01-062-eur-francecentral;migrationStage=NotStarted}
{"logTime": "0913/221819", "correlationVector":"C7THku1INPPyNGmoI50J/l","action":"Initial GetUpdates", "result":"", "context":Reason: RECONFIGURATION. cV=C7THku1INPPyNGmoI50J/l}
{"logTime": "0913/221820", "correlationVector":"C7THku1INPPyNGmoI50J/l.1","action":"SyncServerConnectionManagerRequest", "result":"SYNC_SERVER_OK", "context":{"environment":"Prod_francecentral_prod-s01-062-eur-francecentral", "migrationStage":"NotStarted", "server":"akswtt10300000o"}}
{"logTime": "0913/221820", "correlationVector":"C7THku1INPPyNGmoI50J/l.2","action":"ProcessGetUpdates", "result":"Done", "context":{"dataType":"History", "deleted":"0", "process_failed_to_decrypt":"0", "process_pending_decryption":"0", "process_success":"250", "total":"250"}}
{"logTime": "0913/221820", "correlationVector":"C7THku1INPPyNGmoI50J/l.3","action":"GetUpdates Response", "result":"Success", "context":Received 250 update(s). cV=C7THku1INPPyNGmoI50J/l.0;server=akswtt10300000o;cloudType=Consumer;environment=Prod_francecentral_prod-s01-062-eur-francecentral;migrationStage=NotStarted Some updates remain.}
{"logTime": "0913/221820", "correlationVector":"vGb/bbvB0D1x09xe+EwenY","action":"Initial GetUpdates", "result":"", "context":Reason: RECONFIGURATION. cV=vGb/bbvB0D1x09xe+EwenY}
{"logTime": "0913/221821", "correlationVector":"vGb/bbvB0D1x09xe+EwenY.1","action":"SyncServerConnectionManagerRequest", "result":"SYNC_SERVER_OK", "context":{"environment":"Prod_francecentral_prod-s01-062-eur-francecentral", "migrationStage":"NotStarted", "server":"akswtt10300000u"}}
{"logTime": "0913/221821", "correlationVector":"vGb/bbvB0D1x09xe+EwenY.2","action":"ProcessGetUpdates", "result":"Done", "context":{"dataType":"History", "deleted":"0", "process_failed_to_decrypt":"0", "process_pending_decryption":"0", "process_success":"250", "total":"250"}}
{"logTime": "0913/221821", "correlationVector":"vGb/bbvB0D1x09xe+EwenY.3","action":"GetUpdates Response", "result":"Success", "context":Received 250 update(s). cV=vGb/bbvB0D1x09xe+EwenY.0;server=akswtt10300000u;cloudType=Consumer;environment=Prod_francecentral_prod-s01-062-eur-francecentral;migrationStage=NotStarted Some updates remain.}
{"logTime": "0913/221821", "correlationVector":"qYgdPj6m7WtX08G5q7s4mB","action":"Initial GetUpdates", "result":"", "context":Reason: RECONFIGURATION. cV=qYgdPj6m7WtX08G5q7s4mB}
{"logTime": "0913/221822", "correlationVector":"qYgdPj6m7WtX08G5q7s4mB.1","action":"SyncServerConnectionManagerRequest", "result":"SYNC_SERVER_OK", "context":{"environment":"Prod_francecentral_prod-s01-062-eur-francecentral", "migrationStage":"NotStarted", "server":"akswtt10300000r"}}
{"logTime": "0913/221822", "correlationVector":"qYgdPj6m7WtX08G5q7s4mB.2","action":"ProcessGetUpdates", "result":"Done", "context":{"dataType":"History", "deleted":"0", "process_failed_to_decrypt":"0", "process_pending_decryption":"0", "process_success":"250", "total":"250"}}
{"logTime": "0913/221822", "correlationVector":"qYgdPj6m7WtX08G5q7s4mB.3","action":"GetUpdates Response", "result":"Success", "context":Received 250 update(s). cV=qYgdPj6m7WtX08G5q7s4mB.0;server=akswtt10300000r;cloudType=Consumer;environment=Prod_francecentral_prod-s01-062-eur-francecentral;migrationStage=NotStarted Some updates remain.}
{"logTime": "0913/221822", "correlationVector":"qpOO4bwP8cqqvI+qlI0nD9","action":"Initial GetUpdates", "result":"", "context":Reason: RECONFIGURATION. cV=qpOO4bwP8cqqvI+qlI0nD9}
{"logTime": "0913/221823", "correlationVector":"qpOO4bwP8cqqvI+qlI0nD9.1","action":"SyncServerConnectionManagerRequest", "result":"SYNC_SERVER_OK", "context":{"environment":"Prod_francecentral_prod-s01-062-eur-francecentral", "migrationStage":"NotStarted", "server":"akswtt103000001"}}
{"logTime": "0913/221823", "correlationVector":"qpOO4bwP8cqqvI+qlI0nD9.2","action":"ProcessGetUpdates", "result":"Done", "context":{"dataType":"History", "deleted":"0", "process_failed_to_decrypt":"0", "process_pending_decryption":"0", "process_success":"250", "total":"250"}}
{"logTime": "0913/221823", "correlationVector":"qpOO4bwP8cqqvI+qlI0nD9.3","action":"GetUpdates Response", "result":"Success", "context":Received 250 update(s). cV=qpOO4bwP8cqqvI+qlI0nD9.0;server=akswtt103000001;cloudType=Consumer;environment=Prod_francecentral_prod-s01-062-eur-francecentral;migrationStage=NotStarted Some updates remain.}
{"logTime": "0913/221823", "correlationVector":"fCncoc0xpe0uBt824mLyW5","action":"Initial GetUpdates", "result":"", "context":Reason: RECONFIGURATION. cV=fCncoc0xpe0uBt824mLyW5}
{"logTime": "0913/221824", "correlationVector":"fCncoc0xpe0uBt824mLyW5.1","action":"SyncServerConnectionManagerRequest", "result":"SYNC_SERVER_OK", "context":{"environment":"Prod_francecentral_prod-s01-062-eur-francecentral", "migrationStage":"NotStarted", "server":"akswtt10300001c"}}
{"logTime": "0913/221824", "correlationVector":"fCncoc0xpe0uBt824mLyW5.2","action":"ProcessGetUpdates", "result":"Done", "context":{"dataType":"History", "deleted":"0", "process_failed_to_decrypt":"0", "process_pending_decryption":"0", "process_success":"250", "total":"250"}}
{"logTime": "0913/221824", "correlationVector":"fCncoc0xpe0uBt824mLyW5.3","action":"GetUpdates Response", "result":"Success", "context":Received 250 update(s). cV=fCncoc0xpe0uBt824mLyW5.0;server=akswtt10300001c;cloudType=Consumer;environment=Prod_francecentral_prod-s01-062-eur-francecentral;migrationStage=NotStarted Some updates remain.}
{"logTime": "0913/221824", "correlationVector":"zqmIaxTbnTEoNzYNHhInFL","action":"Initial GetUpdates", "result":"", "context":Reason: RECONFIGURATION. cV=zqmIaxTbnTEoNzYNHhInFL}
{"logTime": "0913/221825", "correlationVector":"zqmIaxTbnTEoNzYNHhInFL.1","action":"SyncServerConnectionManagerRequest", "result":"SYNC_SERVER_OK", "context":{"environment":"Prod_francecentral_prod-s01-062-eur-francecentral", "migrationStage":"NotStarted", "server":"akswtt103000007"}}
{"logTime": "0913/221825", "correlationVector":"zqmIaxTbnTEoNzYNHhInFL.2","action":"ProcessGetUpdates", "result":"Done", "context":{"dataType":"History", "deleted":"0", "process_failed_to_decrypt":"0", "process_pending_decryption":"0", "process_success":"250", "total":"250"}}
{"logTime": "0913/221825", "correlationVector":"zqmIaxTbnTEoNzYNHhInFL.3","action":"GetUpdates Response", "result":"Success", "context":Received 250 update(s). cV=zqmIaxTbnTEoNzYNHhInFL.0;server=akswtt103000007;cloudType=Consumer;environment=Prod_francecentral_prod-s01-062-eur-francecentral;migrationStage=NotStarted Some updates remain.}
{"logTime": "0913/221825", "correlationVector":"g3zqDat+4EiEREV4AfzlHZ","action":"Initial GetUpdates", "result":"", "context":Reason: RECONFIGURATION. cV=g3zqDat+4EiEREV4AfzlHZ}
{"logTime": "0913/221826", "correlationVector":"g3zqDat+4EiEREV4AfzlHZ.1","action":"SyncServerConnectionManagerRequest", "result":"SYNC_SERVER_OK", "context":{"environment":"Prod_francecentral_prod-s01-062-eur-francecentral", "migrationStage":"NotStarted", "server":"akswtt10300000f"}}
{"logTime": "0913/221826", "correlationVector":"g3zqDat+4EiEREV4AfzlHZ.2","action":"ProcessGetUpdates", "result":"Done", "context":{"dataType":"History", "deleted":"0", "process_failed_to_decrypt":"0", "process_pending_decryption":"0", "process_success":"250", "total":"250"}}
{"logTime": "0913/221826", "correlationVector":"g3zqDat+4EiEREV4AfzlHZ.3","action":"GetUpdates Response", "result":"Success", "context":Received 250 update(s). cV=g3zqDat+4EiEREV4AfzlHZ.0;server=akswtt10300000f;cloudType=Consumer;environment=Prod_francecentral_prod-s01-062-eur-francecentral;migrationStage=NotStarted Some updates remain.}
{"logTime": "0913/221826", "correlationVector":"o2qlAcNc7/7GdcTQtSmCto","action":"Initial GetUpdates", "result":"", "context":Reason: RECONFIGURATION. cV=o2qlAcNc7/7GdcTQtSmCto}
{"logTime": "0913/221826", "correlationVector":"o2qlAcNc7/7GdcTQtSmCto.1","action":"SyncServerConnectionManagerRequest", "result":"SYNC_SERVER_OK", "context":{"environment":"Prod_francecentral_prod-s01-062-eur-francecentral", "migrationStage":"NotStarted", "server":"akswtt10300000u"}}
{"logTime": "0913/221826", "correlationVector":"o2qlAcNc7/7GdcTQtSmCto.2","action":"ProcessGetUpdates", "result":"Done", "context":{"dataType":"History", "deleted":"0", "process_failed_to_decrypt":"0", "process_pending_decryption":"0", "process_success":"250", "total":"250"}}
{"logTime": "0913/221826", "correlationVector":"o2qlAcNc7/7GdcTQtSmCto.3","action":"GetUpdates Response", "result":"Success", "context":Received 250 update(s). cV=o2qlAcNc7/7GdcTQtSmCto.0;server=akswtt10300000u;cloudType=Consumer;environment=Prod_francecentral_prod-s01-062-eur-francecentral;migrationStage=NotStarted Some updates remain.}
{"logTime": "0913/221826", "correlationVector":"vLyRa4EtVcefBav9ng9bW1","action":"Initial GetUpdates", "result":"", "context":Reason: RECONFIGURATION. cV=vLyRa4EtVcefBav9ng9bW1}
{"logTime": "0913/221827", "correlationVector":"vLyRa4EtVcefBav9ng9bW1.1","action":"SyncServerConnectionManagerRequest", "result":"SYNC_SERVER_OK", "context":{"environment":"Prod_francecentral_prod-s01-062-eur-francecentral", "migrationStage":"NotStarted", "server":"akswtt10300000m"}}
{"logTime": "0913/221827", "correlationVector":"vLyRa4EtVcefBav9ng9bW1.2","action":"ProcessGetUpdates", "result":"Done", "context":{"dataType":"History", "deleted":"0", "process_failed_to_decrypt":"0", "process_pending_decryption":"0", "process_success":"250", "total":"250"}}
{"logTime": "0913/221827", "correlationVector":"vLyRa4EtVcefBav9ng9bW1.3","action":"GetUpdates Response", "result":"Success", "context":Received 250 update(s). cV=vLyRa4EtVcefBav9ng9bW1.0;server=akswtt10300000m;cloudType=Consumer;environment=Prod_francecentral_prod-s01-062-eur-francecentral;migrationStage=NotStarted Some updates remain.}
{"logTime": "0913/221827", "correlationVector":"HLXxqfoquRSrdLm3MvrYuZ","action":"Initial GetUpdates", "result":"", "context":Reason: RECONFIGURATION. cV=HLXxqfoquRSrdLm3MvrYuZ}
{"logTime": "0913/221828", "correlationVector":"HLXxqfoquRSrdLm3MvrYuZ.1","action":"SyncServerConnectionManagerRequest", "result":"SYNC_SERVER_OK", "context":{"environment":"Prod_francecentral_prod-s01-062-eur-francecentral", "migrationStage":"NotStarted", "server":"akswtt10300000j"}}
{"logTime": "0913/221828", "correlationVector":"HLXxqfoquRSrdLm3MvrYuZ.2","action":"ProcessGetUpdates", "result":"Done", "context":{"dataType":"History", "deleted":"0", "process_failed_to_decrypt":"0", "process_pending_decryption":"0", "process_success":"250", "total":"250"}}
{"logTime": "0913/221828", "correlationVector":"HLXxqfoquRSrdLm3MvrYuZ.3","action":"GetUpdates Response", "result":"Success", "context":Received 250 update(s). cV=HLXxqfoquRSrdLm3MvrYuZ.0;server=akswtt10300000j;cloudType=Consumer;environment=Prod_francecentral_prod-s01-062-eur-francecentral;migrationStage=NotStarted Some updates remain.}
{"logTime": "0913/221828", "correlationVector":"ZPxCLFVB7AV/2mnylbmoPa","action":"Initial GetUpdates", "result":"", "context":Reason: RECONFIGURATION. cV=ZPxCLFVB7AV/2mnylbmoPa}
{"logTime": "0913/221828", "correlationVector":"ZPxCLFVB7AV/2mnylbmoPa.1","action":"SyncServerConnectionManagerRequest", "result":"SYNC_SERVER_OK", "context":{"environment":"Prod_francecentral_prod-s01-062-eur-francecentral", "migrationStage":"NotStarted", "server":"akswtt10300000c"}}
{"logTime": "0913/221828", "correlationVector":"ZPxCLFVB7AV/2mnylbmoPa.2","action":"ProcessGetUpdates", "result":"Done", "context":{"dataType":"History", "deleted":"0", "process_failed_to_decrypt":"0", "process_pending_decryption":"0", "process_success":"155", "total":"155"}}
{"logTime": "0913/221828", "correlationVector":"ZPxCLFVB7AV/2mnylbmoPa.3","action":"GetUpdates Response", "result":"Success", "context":Received 155 update(s). cV=ZPxCLFVB7AV/2mnylbmoPa.0;server=akswtt10300000c;cloudType=Consumer;environment=Prod_francecentral_prod-s01-062-eur-francecentral;migrationStage=NotStarted}
{"logTime": "0913/221828", "correlationVector":"FJ2dOTD5B5m94AiK2Bekkv","action":"Normal GetUpdate request", "result":"", "context":cV=FJ2dOTD5B5m94AiK2Bekkv
Nudged types: Autofill, Sessions, Device Info, User Consents
Refresh requested types: Bookmarks, Preferences, Passwords, Autofill Profiles, Autofill, Extensions, Sessions, Extension settings, History Delete Directives, Device Info, User Consents, Send Tab To Self, Web Apps, History, Saved Tab Group, WebAuthn Credentials, Collection, Edge E Drop, Edge Hub App Usage, Edge Wallet, Encryption Keys}
{"logTime": "0913/221828", "correlationVector":"FJ2dOTD5B5m94AiK2Bekkv.1","action":"SyncServerConnectionManagerRequest", "result":"SYNC_SERVER_OK", "context":{"environment":"Prod_francecentral_prod-s01-062-eur-francecentral", "migrationStage":"NotStarted", "server":"akswtt10300000f"}}
{"logTime": "0913/221828", "correlationVector":"FJ2dOTD5B5m94AiK2Bekkv.2","action":"GetUpdates Response", "result":"Success", "context":Received 0 update(s). cV=FJ2dOTD5B5m94AiK2Bekkv.0;server=akswtt10300000f;cloudType=Consumer;environment=Prod_francecentral_prod-s01-062-eur-francecentral;migrationStage=NotStarted}
{"logTime": "0913/221828", "correlationVector":"tw7pJsTr7JmLBt4tZY7v1f","action":"Commit Request", "result":"", "context":Item count: 6
Contributing types: Autofill, Sessions, Device Info, User Consents}
{"logTime": "0913/221829", "correlationVector":"tw7pJsTr7JmLBt4tZY7v1f.1","action":"SyncServerConnectionManagerRequest", "result":"SYNC_SERVER_OK", "context":{"environment":"Prod_francecentral_prod-s01-062-eur-francecentral", "migrationStage":"NotStarted", "server":"akswtt10300001c"}}
{"logTime": "0913/221829", "correlationVector":"tw7pJsTr7JmLBt4tZY7v1f.2","action":"Commit Response", "result":"Success", "context":Result: Success. cV=tw7pJsTr7JmLBt4tZY7v1f.0;server=akswtt10300001c;cloudType=Consumer;environment=Prod_francecentral_prod-s01-062-eur-francecentral;migrationStage=NotStarted}
{"logTime": "0913/221909", "correlationVector":"bS1vuHIt+StX5KEfnUgnDS","action":"Normal GetUpdate request", "result":"", "context":cV=bS1vuHIt+StX5KEfnUgnDS
Notified types: Preferences}
{"logTime": "0913/221910", "correlationVector":"bS1vuHIt+StX5KEfnUgnDS.1","action":"SyncServerConnectionManagerRequest", "result":"SYNC_SERVER_OK", "context":{"environment":"Prod_francecentral_prod-s01-062-eur-francecentral", "migrationStage":"NotStarted", "server":"akswtt10300000f"}}
{"logTime": "0913/221910", "correlationVector":"bS1vuHIt+StX5KEfnUgnDS.2","action":"ProcessGetUpdates", "result":"Done", "context":{"dataType":"Preferences", "deleted":"0", "process_failed_to_decrypt":"0", "process_pending_decryption":"0", "process_success":"1", "total":"1"}}
{"logTime": "0913/221910", "correlationVector":"bS1vuHIt+StX5KEfnUgnDS.3","action":"ProcessGetUpdates", "result":"Done", "context":{"dataType":"Autofill", "deleted":"0", "process_failed_to_decrypt":"0", "process_pending_decryption":"0", "process_success":"1", "total":"1"}}
{"logTime": "0913/221910", "correlationVector":"bS1vuHIt+StX5KEfnUgnDS.4","action":"ProcessGetUpdates", "result":"Done", "context":{"dataType":"Sessions", "deleted":"0", "process_failed_to_decrypt":"0", "process_pending_decryption":"0", "process_success":"3", "total":"3"}}
{"logTime": "0913/221910", "correlationVector":"bS1vuHIt+StX5KEfnUgnDS.5","action":"ProcessGetUpdates", "result":"Done", "context":{"dataType":"Device Info", "deleted":"0", "process_failed_to_decrypt":"0", "process_pending_decryption":"0", "process_success":"1", "total":"1"}}
{"logTime": "0913/221910", "correlationVector":"bS1vuHIt+StX5KEfnUgnDS.6","action":"GetUpdates Response", "result":"Success", "context":Received 6 update(s). cV=bS1vuHIt+StX5KEfnUgnDS.0;server=akswtt10300000f;cloudType=Consumer;environment=Prod_francecentral_prod-s01-062-eur-francecentral;migrationStage=NotStarted}
{"logTime": "0913/222202", "correlationVector":"b9P8iQGYxB972ZNvE5k8cd","action":"Normal GetUpdate request", "result":"", "context":cV=b9P8iQGYxB972ZNvE5k8cd
Nudged types: Sessions, Device Info, History
Refresh requested types: Bookmarks, Preferences, Passwords, Autofill Profiles, Autofill, Extensions, Sessions, Extension settings, History Delete Directives, Device Info, User Consents, Send Tab To Self, Web Apps, History, Saved Tab Group, WebAuthn Credentials, Collection, Edge E Drop, Edge Hub App Usage, Edge Wallet, Encryption Keys}
{"logTime": "0913/222202", "correlationVector":"b9P8iQGYxB972ZNvE5k8cd.1","action":"SyncServerConnectionManagerRequest", "result":"SYNC_SERVER_OK", "context":{"environment":"Prod_francecentral_prod-s01-062-eur-francecentral", "migrationStage":"NotStarted", "server":"akswtt10300000u"}}
{"logTime": "0913/222202", "correlationVector":"b9P8iQGYxB972ZNvE5k8cd.2","action":"GetUpdates Response", "result":"Success", "context":Received 0 update(s). cV=b9P8iQGYxB972ZNvE5k8cd.0;server=akswtt10300000u;cloudType=Consumer;environment=Prod_francecentral_prod-s01-062-eur-francecentral;migrationStage=NotStarted}
{"logTime": "0913/222202", "correlationVector":"EvcfiOfe7+/f91XlEwUTxP","action":"Commit Request", "result":"", "context":Item count: 8
Contributing types: Preferences, Sessions, Device Info, History}
{"logTime": "0913/222203", "correlationVector":"EvcfiOfe7+/f91XlEwUTxP.1","action":"SyncServerConnectionManagerRequest", "result":"SYNC_SERVER_OK", "context":{"environment":"Prod_francecentral_prod-s01-062-eur-francecentral", "migrationStage":"NotStarted", "server":"akswtt103000014"}}
{"logTime": "0913/222203", "correlationVector":"EvcfiOfe7+/f91XlEwUTxP.2","action":"Commit Response", "result":"Success", "context":Result: Success. cV=EvcfiOfe7+/f91XlEwUTxP.0;server=akswtt103000014;cloudType=Consumer;environment=Prod_francecentral_prod-s01-062-eur-francecentral;migrationStage=NotStarted}
{"logTime": "0914/093013", "correlationVector":"5tUV1nMqocBfuDftxI26K1","action":"Normal GetUpdate request", "result":"", "context":cV=5tUV1nMqocBfuDftxI26K1
Nudged types: Sessions
Refresh requested types: Bookmarks, Preferences, Passwords, Autofill Profiles, Autofill, Extensions, Sessions, Extension settings, History Delete Directives, Device Info, User Consents, Send Tab To Self, Web Apps, History, Saved Tab Group, WebAuthn Credentials, Collection, Edge E Drop, Edge Hub App Usage, Edge Wallet, Encryption Keys}
{"logTime": "0914/093015", "correlationVector":"5tUV1nMqocBfuDftxI26K1.1","action":"SyncServerConnectionManagerRequest", "result":"SYNC_SERVER_OK", "context":{"environment":"Prod_germanywestcentral_prod-s01-011-eur-germanywestcentral", "migrationStage":"NotStarted", "server":"akswtt10100000k"}}
{"logTime": "0914/093015", "correlationVector":"5tUV1nMqocBfuDftxI26K1.2","action":"ProcessGetUpdates", "result":"Done", "context":{"dataType":"Preferences", "deleted":"0", "process_failed_to_decrypt":"0", "process_pending_decryption":"0", "process_success":"3", "total":"3"}}
{"logTime": "0914/093015", "correlationVector":"5tUV1nMqocBfuDftxI26K1.3","action":"ProcessGetUpdates", "result":"Done", "context":{"dataType":"Passwords", "deleted":"0", "process_failed_to_decrypt":"0", "process_pending_decryption":"0", "process_success":"1", "total":"1"}}
{"logTime": "0914/093015", "correlationVector":"5tUV1nMqocBfuDftxI26K1.4","action":"ProcessGetUpdates", "result":"Done", "context":{"dataType":"Autofill", "deleted":"0", "process_failed_to_decrypt":"0", "process_pending_decryption":"0", "process_success":"1", "total":"1"}}
{"logTime": "0914/093015", "correlationVector":"5tUV1nMqocBfuDftxI26K1.5","action":"ProcessGetUpdates", "result":"Done", "context":{"dataType":"Sessions", "deleted":"1", "process_failed_to_decrypt":"0", "process_pending_decryption":"0", "process_success":"55", "total":"55"}}
{"logTime": "0914/093015", "correlationVector":"5tUV1nMqocBfuDftxI26K1.6","action":"ProcessGetUpdates", "result":"Done", "context":{"dataType":"Device Info", "deleted":"0", "process_failed_to_decrypt":"0", "process_pending_decryption":"0", "process_success":"2", "total":"2"}}
{"logTime": "0914/093015", "correlationVector":"5tUV1nMqocBfuDftxI26K1.7","action":"ProcessGetUpdates", "result":"Done", "context":{"dataType":"History", "deleted":"0", "process_failed_to_decrypt":"0", "process_pending_decryption":"0", "process_success":"28", "total":"28"}}
{"logTime": "0914/093015", "correlationVector":"5tUV1nMqocBfuDftxI26K1.8","action":"GetUpdates Response", "result":"Success", "context":Received 90 update(s). cV=5tUV1nMqocBfuDftxI26K1.0;server=akswtt10100000k;cloudType=Consumer;environment=Prod_germanywestcentral_prod-s01-011-eur-germanywestcentral;migrationStage=NotStarted}
{"logTime": "0914/093015", "correlationVector":"qKizc47e8cTpSWdzrT5l3h","action":"DoCompareDataConsistency requsted types: ", "result":"Bookmarks, Preferences, Passwords, Extensions, Extension settings, History Delete Directives, Send Tab To Self, Web Apps, History, Saved Tab Group, WebAuthn Credentials, Collection, Edge E Drop, Edge Wallet, Encryption Keys"}
{"logTime": "0914/093015", "correlationVector":"qKizc47e8cTpSWdzrT5l3h.0","action":"CompareDataConsistency result: ", "result":"Compare result: Encryption Keys is consistent. local entities count is: 1 local entities hash is: tlDJnAgM7pBInASn2MKtI/vuWAk="}
{"logTime": "0914/093015", "correlationVector":"qKizc47e8cTpSWdzrT5l3h.1","action":"CompareDataConsistency result: ", "result":"Compare result: Bookmarks is consistent. local entities count is: 22 local entities hash is: HRQNz44lMO8DX0wDnoujkpmdrvw="}
{"logTime": "0914/093015", "correlationVector":"qKizc47e8cTpSWdzrT5l3h.2","action":"CompareDataConsistency result: ", "result":"Compare result: Preferences is consistent. local entities count is: 83 local entities hash is: imPPqzF6CYxMQWANLu3eP38cdJs="}
{"logTime": "0914/093015", "correlationVector":"qKizc47e8cTpSWdzrT5l3h.3","action":"CompareDataConsistency result: ", "result":"Compare result: Passwords is consistent. local entities count is: 111 local entities hash is: mesPoryngfrb0R+N4SKgyCOuZzk="}
{"logTime": "0914/093015", "correlationVector":"qKizc47e8cTpSWdzrT5l3h.4","action":"CompareDataConsistency result: ", "result":"Compare result: Extensions is consistent. local entities count is: 1 local entities hash is: wzKZx4vqOxe6v1y2ja5SIzY/hTw="}
{"logTime": "0914/093015", "correlationVector":"qKizc47e8cTpSWdzrT5l3h.5","action":"CompareDataConsistency result: ", "result":"Compare result: Extension settings is consistent. local entities count is: 0 local entities hash is: "}
{"logTime": "0914/093015", "correlationVector":"qKizc47e8cTpSWdzrT5l3h.6","action":"CompareDataConsistency result: ", "result":"Compare result: History Delete Directives is consistent. local entities count is: 0 local entities hash is: "}
{"logTime": "0914/093015", "correlationVector":"qKizc47e8cTpSWdzrT5l3h.7","action":"CompareDataConsistency result: ", "result":"Server did not send this Send Tab To Self local entities count is: 0 local entities hash is: "}
{"logTime": "0914/093015", "correlationVector":"qKizc47e8cTpSWdzrT5l3h.8","action":"CompareDataConsistency result: ", "result":"Compare result: Web Apps is consistent. local entities count is: 0 local entities hash is: "}
{"logTime": "0914/093015", "correlationVector":"qKizc47e8cTpSWdzrT5l3h.9","action":"CompareDataConsistency result: ", "result":"Server did not send this History local entities count is: 0 local entities hash is: "}
{"logTime": "0914/093015", "correlationVector":"qKizc47e8cTpSWdzrT5l3h.10","action":"CompareDataConsistency result: ", "result":"Compare result: Saved Tab Group is consistent. local entities count is: 0 local entities hash is: "}
{"logTime": "0914/093015", "correlationVector":"qKizc47e8cTpSWdzrT5l3h.11","action":"CompareDataConsistency result: ", "result":"Server did not send this WebAuthn Credentials local entities count is: 0 local entities hash is: "}
{"logTime": "0914/093015", "correlationVector":"qKizc47e8cTpSWdzrT5l3h.12","action":"CompareDataConsistency result: ", "result":"Compare result: Collection is consistent. local entities count is: 0 local entities hash is: "}
{"logTime": "0914/093015", "correlationVector":"qKizc47e8cTpSWdzrT5l3h.13","action":"CompareDataConsistency result: ", "result":"Compare result: Edge E Drop is consistent. local entities count is: 0 local entities hash is: "}
{"logTime": "0914/093015", "correlationVector":"qKizc47e8cTpSWdzrT5l3h.14","action":"CompareDataConsistency result: ", "result":"Compare result: Edge Wallet is consistent. local entities count is: 0 local entities hash is: "}
{"logTime": "0914/093015", "correlationVector":"PLl1coBhvyZ415Pdw+ENYX","action":"Commit Request", "result":"", "context":Item count: 2
Contributing types: Sessions}
{"logTime": "0914/093015", "correlationVector":"PLl1coBhvyZ415Pdw+ENYX.1","action":"SyncServerConnectionManagerRequest", "result":"SYNC_SERVER_OK", "context":{"environment":"Prod_germanywestcentral_prod-s01-011-eur-germanywestcentral", "migrationStage":"NotStarted", "server":"akswtt10100000v"}}
{"logTime": "0914/093015", "correlationVector":"PLl1coBhvyZ415Pdw+ENYX.3","action":"Commit.Sessions", "result":"Success", "context":{"id":"2bfe3b7e-ff4f-4236-ae44-d7f58df29c21", "isDeleted":"true", "size":"0", "version":"1757802122841"}}
{"logTime": "0914/093015", "correlationVector":"PLl1coBhvyZ415Pdw+ENYX.4","action":"Commit.Sessions", "result":"Success", "context":{"id":"3f4e6034-76d6-439a-874b-35d7c95bc3b5", "isDeleted":"true", "size":"0", "version":"1757802122842"}}
{"logTime": "0914/093015", "correlationVector":"PLl1coBhvyZ415Pdw+ENYX.2","action":"Commit Response", "result":"Success", "context":Result: Success. cV=PLl1coBhvyZ415Pdw+ENYX.0;server=akswtt10100000v;cloudType=Consumer;environment=Prod_germanywestcentral_prod-s01-011-eur-germanywestcentral;migrationStage=NotStarted}
{"logTime": "0914/093015", "correlationVector":"","action":"DIAGNOSTIC_REQUEST|v1/diagnosticData/Diagnostic.SendCheckResult()|SUCCESS", "result":""}
{"logTime": "0914/093015", "correlationVector":"FU4YAmGrvWTlXpOwOgo5WK","action":"Poll GetUpdate request", "result":"", "context":cV=FU4YAmGrvWTlXpOwOgo5WK}
{"logTime": "0914/093016", "correlationVector":"FU4YAmGrvWTlXpOwOgo5WK.1","action":"SyncServerConnectionManagerRequest", "result":"SYNC_SERVER_OK", "context":{"environment":"Prod_germanywestcentral_prod-s01-011-eur-germanywestcentral", "migrationStage":"NotStarted", "server":"akswtt10100000s"}}
{"logTime": "0914/093016", "correlationVector":"FU4YAmGrvWTlXpOwOgo5WK.2","action":"ProcessGetUpdates", "result":"Done", "context":{"dataType":"Sessions", "deleted":"2", "process_failed_to_decrypt":"0", "process_pending_decryption":"0", "process_success":"2", "total":"2"}}
{"logTime": "0914/093016", "correlationVector":"FU4YAmGrvWTlXpOwOgo5WK.3","action":"GetUpdates Response", "result":"Success", "context":Received 2 update(s). cV=FU4YAmGrvWTlXpOwOgo5WK.0;server=akswtt10100000s;cloudType=Consumer;environment=Prod_germanywestcentral_prod-s01-011-eur-germanywestcentral;migrationStage=NotStarted}
{"logTime": "0914/093023", "correlationVector":"/OFLkaEnlJZm4U3rMRKJsF","action":"Commit Request", "result":"", "context":Item count: 1
Contributing types: Preferences}
{"logTime": "0914/093023", "correlationVector":"/OFLkaEnlJZm4U3rMRKJsF.1","action":"SyncServerConnectionManagerRequest", "result":"SYNC_SERVER_OK", "context":{"environment":"Prod_francecentral_prod-s01-062-eur-francecentral", "migrationStage":"NotStarted", "server":"akswtt10300000e"}}
{"logTime": "0914/093023", "correlationVector":"/OFLkaEnlJZm4U3rMRKJsF.2","action":"Commit Response", "result":"Success", "context":Result: Success. cV=/OFLkaEnlJZm4U3rMRKJsF.0;server=akswtt10300000e;cloudType=Consumer;environment=Prod_francecentral_prod-s01-062-eur-francecentral;migrationStage=NotStarted}
{"logTime": "0914/093120", "correlationVector":"p3vuLTRghrmaInFU+9L7wQ","action":"Normal GetUpdate request", "result":"", "context":cV=p3vuLTRghrmaInFU+9L7wQ
Nudged types: Sessions, History
Notified types: Device Info}
{"logTime": "0914/093120", "correlationVector":"p3vuLTRghrmaInFU+9L7wQ.1","action":"SyncServerConnectionManagerRequest", "result":"SYNC_SERVER_OK", "context":{"environment":"Prod_francecentral_prod-s01-062-eur-francecentral", "migrationStage":"NotStarted", "server":"akswtt10300000r"}}
{"logTime": "0914/093120", "correlationVector":"p3vuLTRghrmaInFU+9L7wQ.2","action":"ProcessGetUpdates", "result":"Done", "context":{"dataType":"Preferences", "deleted":"0", "process_failed_to_decrypt":"0", "process_pending_decryption":"0", "process_success":"1", "total":"1"}}
{"logTime": "0914/093120", "correlationVector":"p3vuLTRghrmaInFU+9L7wQ.3","action":"ProcessGetUpdates", "result":"Done", "context":{"dataType":"Device Info", "deleted":"0", "process_failed_to_decrypt":"0", "process_pending_decryption":"0", "process_success":"1", "total":"1"}}
{"logTime": "0914/093120", "correlationVector":"p3vuLTRghrmaInFU+9L7wQ.4","action":"GetUpdates Response", "result":"Success", "context":Received 2 update(s). cV=p3vuLTRghrmaInFU+9L7wQ.0;server=akswtt10300000r;cloudType=Consumer;environment=Prod_francecentral_prod-s01-062-eur-francecentral;migrationStage=NotStarted}
{"logTime": "0914/093120", "correlationVector":"6cJjAZUl1CiLO1iRPPn9fD","action":"Commit Request", "result":"", "context":Item count: 7
Contributing types: Sessions, History}
{"logTime": "0914/093121", "correlationVector":"6cJjAZUl1CiLO1iRPPn9fD.1","action":"SyncServerConnectionManagerRequest", "result":"SYNC_SERVER_OK", "context":{"environment":"Prod_francecentral_prod-s01-062-eur-francecentral", "migrationStage":"NotStarted", "server":"akswtt10300000z"}}
{"logTime": "0914/093121", "correlationVector":"6cJjAZUl1CiLO1iRPPn9fD.2","action":"Commit Response", "result":"Success", "context":Result: Success. cV=6cJjAZUl1CiLO1iRPPn9fD.0;server=akswtt10300000z;cloudType=Consumer;environment=Prod_francecentral_prod-s01-062-eur-francecentral;migrationStage=NotStarted}
{"logTime": "0914/093123", "correlationVector":"J1vWkA/s0ncG5kQ7iH9QCI","action":"Normal GetUpdate request", "result":"", "context":cV=J1vWkA/s0ncG5kQ7iH9QCI
Nudged types: Sessions, History
Notified types: Preferences, Device Info}
{"logTime": "0914/093124", "correlationVector":"J1vWkA/s0ncG5kQ7iH9QCI.1","action":"SyncServerConnectionManagerRequest", "result":"SYNC_SERVER_OK", "context":{"environment":"Prod_francecentral_prod-s01-062-eur-francecentral", "migrationStage":"NotStarted", "server":"akswtt10300000e"}}
{"logTime": "0914/093124", "correlationVector":"J1vWkA/s0ncG5kQ7iH9QCI.2","action":"ProcessGetUpdates", "result":"Done", "context":{"dataType":"Preferences", "deleted":"0", "process_failed_to_decrypt":"0", "process_pending_decryption":"0", "process_success":"1", "total":"1"}}
{"logTime": "0914/093124", "correlationVector":"J1vWkA/s0ncG5kQ7iH9QCI.3","action":"ProcessGetUpdates", "result":"Done", "context":{"dataType":"Sessions", "deleted":"0", "process_failed_to_decrypt":"0", "process_pending_decryption":"0", "process_success":"3", "total":"3"}}
{"logTime": "0914/093124", "correlationVector":"J1vWkA/s0ncG5kQ7iH9QCI.4","action":"ProcessGetUpdates", "result":"Done", "context":{"dataType":"Device Info", "deleted":"0", "process_failed_to_decrypt":"0", "process_pending_decryption":"0", "process_success":"1", "total":"1"}}
{"logTime": "0914/093124", "correlationVector":"J1vWkA/s0ncG5kQ7iH9QCI.5","action":"ProcessGetUpdates", "result":"Done", "context":{"dataType":"History", "deleted":"0", "process_failed_to_decrypt":"0", "process_pending_decryption":"0", "process_success":"4", "total":"4"}}
{"logTime": "0914/093124", "correlationVector":"J1vWkA/s0ncG5kQ7iH9QCI.6","action":"GetUpdates Response", "result":"Success", "context":Received 9 update(s). cV=J1vWkA/s0ncG5kQ7iH9QCI.0;server=akswtt10300000e;cloudType=Consumer;environment=Prod_francecentral_prod-s01-062-eur-francecentral;migrationStage=NotStarted}
{"logTime": "0914/093224", "correlationVector":"LWqEkxGnXW97TVdOwd9W6j","action":"Normal GetUpdate request", "result":"", "context":cV=LWqEkxGnXW97TVdOwd9W6j
Notified types: History}
{"logTime": "0914/093224", "correlationVector":"LWqEkxGnXW97TVdOwd9W6j.1","action":"SyncServerConnectionManagerRequest", "result":"SYNC_SERVER_OK", "context":{"environment":"Prod_francecentral_prod-s01-062-eur-francecentral", "migrationStage":"NotStarted", "server":"akswtt10300000r"}}
{"logTime": "0914/093224", "correlationVector":"LWqEkxGnXW97TVdOwd9W6j.2","action":"ProcessGetUpdates", "result":"Done", "context":{"dataType":"Sessions", "deleted":"0", "process_failed_to_decrypt":"0", "process_pending_decryption":"0", "process_success":"2", "total":"2"}}
{"logTime": "0914/093224", "correlationVector":"LWqEkxGnXW97TVdOwd9W6j.3","action":"ProcessGetUpdates", "result":"Done", "context":{"dataType":"History", "deleted":"0", "process_failed_to_decrypt":"0", "process_pending_decryption":"0", "process_success":"1", "total":"1"}}
{"logTime": "0914/093224", "correlationVector":"LWqEkxGnXW97TVdOwd9W6j.4","action":"GetUpdates Response", "result":"Success", "context":Received 3 update(s). cV=LWqEkxGnXW97TVdOwd9W6j.0;server=akswtt10300000r;cloudType=Consumer;environment=Prod_francecentral_prod-s01-062-eur-francecentral;migrationStage=NotStarted}
{"logTime": "0919/094948", "correlationVector":"2U4WH2qX+W7ltuZE10+yWO","action":"Normal GetUpdate request", "result":"", "context":cV=2U4WH2qX+W7ltuZE10+yWO
Nudged types: Sessions, Device Info, History
Refresh requested types: Bookmarks, Preferences, Passwords, Autofill Profiles, Autofill, Extensions, Sessions, Extension settings, History Delete Directives, Device Info, User Consents, Send Tab To Self, Web Apps, History, Saved Tab Group, WebAuthn Credentials, Collection, Edge E Drop, Edge Hub App Usage, Edge Wallet, Encryption Keys}
{"logTime": "0919/094949", "correlationVector":"2U4WH2qX+W7ltuZE10+yWO.1","action":"SyncServerConnectionManagerRequest", "result":"SYNC_SERVER_OK", "context":{"environment":"Prod_northeurope_prod-s01-084-eur-northeurope", "migrationStage":"NotStarted", "server":"akswtt10100001c"}}
{"logTime": "0919/094949", "correlationVector":"2U4WH2qX+W7ltuZE10+yWO.2","action":"ProcessGetUpdates", "result":"Done", "context":{"dataType":"Preferences", "deleted":"0", "process_failed_to_decrypt":"0", "process_pending_decryption":"0", "process_success":"6", "total":"6"}}
{"logTime": "0919/094949", "correlationVector":"2U4WH2qX+W7ltuZE10+yWO.3","action":"ProcessGetUpdates", "result":"Done", "context":{"dataType":"Passwords", "deleted":"0", "process_failed_to_decrypt":"0", "process_pending_decryption":"0", "process_success":"1", "total":"1"}}
{"logTime": "0919/094949", "correlationVector":"2U4WH2qX+W7ltuZE10+yWO.4","action":"ProcessGetUpdates", "result":"Done", "context":{"dataType":"Autofill", "deleted":"0", "process_failed_to_decrypt":"0", "process_pending_decryption":"0", "process_success":"1", "total":"1"}}
{"logTime": "0919/094949", "correlationVector":"2U4WH2qX+W7ltuZE10+yWO.5","action":"ProcessGetUpdates", "result":"Done", "context":{"dataType":"Sessions", "deleted":"69", "process_failed_to_decrypt":"0", "process_pending_decryption":"0", "process_success":"124", "total":"124"}}
{"logTime": "0919/094949", "correlationVector":"2U4WH2qX+W7ltuZE10+yWO.6","action":"ProcessGetUpdates", "result":"Done", "context":{"dataType":"Device Info", "deleted":"0", "process_failed_to_decrypt":"0", "process_pending_decryption":"0", "process_success":"1", "total":"1"}}
{"logTime": "0919/094949", "correlationVector":"2U4WH2qX+W7ltuZE10+yWO.7","action":"ProcessGetUpdates", "result":"Done", "context":{"dataType":"History", "deleted":"0", "process_failed_to_decrypt":"0", "process_pending_decryption":"0", "process_success":"241", "total":"241"}}
{"logTime": "0919/094949", "correlationVector":"2U4WH2qX+W7ltuZE10+yWO.8","action":"GetUpdates Response", "result":"Success", "context":Received 374 update(s). cV=2U4WH2qX+W7ltuZE10+yWO.0;server=akswtt10100001c;cloudType=Consumer;environment=Prod_northeurope_prod-s01-084-eur-northeurope;migrationStage=NotStarted Some updates remain.}
{"logTime": "0919/094949", "correlationVector":"17jA73rwMm51SuliTiUHN3","action":"Normal GetUpdate request", "result":"", "context":cV=17jA73rwMm51SuliTiUHN3
Nudged types: Sessions, Device Info, History
Refresh requested types: Bookmarks, Preferences, Passwords, Autofill Profiles, Autofill, Extensions, Sessions, Extension settings, History Delete Directives, Device Info, User Consents, Send Tab To Self, Web Apps, History, Saved Tab Group, WebAuthn Credentials, Collection, Edge E Drop, Edge Hub App Usage, Edge Wallet, Encryption Keys}
{"logTime": "0919/094949", "correlationVector":"17jA73rwMm51SuliTiUHN3.1","action":"SyncServerConnectionManagerRequest", "result":"SYNC_SERVER_OK", "context":{"environment":"Prod_northeurope_prod-s01-084-eur-northeurope", "migrationStage":"NotStarted", "server":"akswtt10100001c"}}
{"logTime": "0919/094949", "correlationVector":"17jA73rwMm51SuliTiUHN3.2","action":"GetUpdates Response", "result":"Success", "context":Received 0 update(s). cV=17jA73rwMm51SuliTiUHN3.0;server=akswtt10100001c;cloudType=Consumer;environment=Prod_northeurope_prod-s01-084-eur-northeurope;migrationStage=NotStarted}
{"logTime": "0919/094949", "correlationVector":"eRqEN6Imwh0eOh8JBlczBZ","action":"Commit Request", "result":"", "context":Item count: 7
Contributing types: Sessions, Device Info, History}
{"logTime": "0919/094950", "correlationVector":"eRqEN6Imwh0eOh8JBlczBZ.1","action":"SyncServerConnectionManagerRequest", "result":"SYNC_SERVER_OK", "context":{"environment":"Prod_northeurope_prod-s01-084-eur-northeurope", "migrationStage":"NotStarted", "server":"akswtt10100001c"}}
{"logTime": "0919/094950", "correlationVector":"eRqEN6Imwh0eOh8JBlczBZ.3","action":"Commit.Sessions", "result":"Success", "context":{"id":"78444bc6-e3c2-484f-ad69-a29b9f546df8", "isDeleted":"true", "size":"0", "version":"1757842280962"}}
{"logTime": "0919/094950", "correlationVector":"eRqEN6Imwh0eOh8JBlczBZ.4","action":"Commit.Sessions", "result":"Success", "context":{"id":"2203bd43-9057-41be-a15b-fe4562792489", "isDeleted":"true", "size":"0", "version":"1757842280963"}}
{"logTime": "0919/094950", "correlationVector":"eRqEN6Imwh0eOh8JBlczBZ.2","action":"Commit Response", "result":"Success", "context":Result: Success. cV=eRqEN6Imwh0eOh8JBlczBZ.0;server=akswtt10100001c;cloudType=Consumer;environment=Prod_northeurope_prod-s01-084-eur-northeurope;migrationStage=NotStarted}
{"logTime": "0919/094950", "correlationVector":"lGZbNY+9PiNRCoDZwEZVF6","action":"SyncServerConnectionManagerRequest", "result":"SYNC_SERVER_OK", "context":{"environment":"", "migrationStage":"", "server":""}}
{"logTime": "0919/094950", "correlationVector":"lGZbNY+9PiNRCoDZwEZVF6.0","action":"EncryptionKeysFetcher.DownloadKeys:", "result":"Success", "context":Key count: 7, Last key timestamp: 2025-08-03T06:33:51Z}
{"logTime": "0919/094950", "correlationVector":"lGZbNY+9PiNRCoDZwEZVF6.1","action":"EncryptionKeysManager::SetEncryptionKeys:", "result":"Success", "context":Key names[7]:[1IYSpg9yHG2UOwvF3FJG7WkrUsjcmAiPboglDA8gUdolHD4e5Fuft3ShJ7B5w68unScxolqpLrEKY3TuqZQHSg==][xPf9BOcuuiAYDr4TSKmiOZaM5W+sjfmQtqepbueryKcSuvtQWRgpWrKfhv6wGiOfywfULgSbDeLyCcM2PZX2cw==][zCV4V8CM0t/9A27KfivMH195/Co7TCUBoqX4bunpiRnncBX8ZT2tLOlsWbGWdiKzGZMabgrS+a4jyVHD7YBAEw==][zDfuFsFCnI4uQasJIt08yaHEjQw5FV36M438YVHPhZpJ+eHGL+9hAJc0Jp1sz+kas1C7wKSPgKQ+e9wmB/4lqA==][omDOqWHCl0L38qhbXfHGBzasQlHombaVluqpd/C/tG5u+og3ruFduGVAv6g4y01fA7xnQHVZ+P15Abnsw9fOuQ==][/2aMEHMuG8V0qRpkdw1/G6pJNOC7+947Tumc1z+1X7oaXI2S22LEdvzADF7ARXAVPFACUR9/IAdxvlzKGQH4vw==][bR8CEBz4gHzVyedMCbg3/xUF9ebV5rla+kpOplvrUGBV6xtmDQIAlHz6svuW8oI9oDYyCyuP6HnK2zuz3eP3Kg==]}
{"logTime": "0919/094950", "correlationVector":"lGZbNY+9PiNRCoDZwEZVF6.2","action":"EncryptionKeysManager::SetEncryptionKeysWithTimestamps:", "result":"Success", "context":Key timestamps[7]:[2022-11-26T16:58:28Z][2023-06-05T14:48:33Z][2023-12-14T10:22:34Z][2024-12-28T11:00:03Z][2024-12-29T16:30:19Z][2025-02-03T17:48:51Z][2025-08-03T06:33:51Z]}
{"logTime": "0919/094950", "correlationVector":"pmYE3l5jGqVdAa5CTq5MMw","action":"Poll GetUpdate request", "result":"", "context":cV=pmYE3l5jGqVdAa5CTq5MMw}
{"logTime": "0919/094952", "correlationVector":"pmYE3l5jGqVdAa5CTq5MMw.1","action":"SyncServerConnectionManagerRequest", "result":"SYNC_SERVER_OK", "context":{"environment":"Prod_northeurope_prod-s01-084-eur-northeurope", "migrationStage":"NotStarted", "server":"akswtt10100001u"}}
{"logTime": "0919/094952", "correlationVector":"pmYE3l5jGqVdAa5CTq5MMw.2","action":"ProcessGetUpdates", "result":"Done", "context":{"dataType":"Sessions", "deleted":"2", "process_failed_to_decrypt":"0", "process_pending_decryption":"0", "process_success":"3", "total":"3"}}
{"logTime": "0919/094952", "correlationVector":"pmYE3l5jGqVdAa5CTq5MMw.3","action":"ProcessGetUpdates", "result":"Done", "context":{"dataType":"Device Info", "deleted":"0", "process_failed_to_decrypt":"0", "process_pending_decryption":"0", "process_success":"1", "total":"1"}}
{"logTime": "0919/094952", "correlationVector":"pmYE3l5jGqVdAa5CTq5MMw.4","action":"ProcessGetUpdates", "result":"Done", "context":{"dataType":"History", "deleted":"0", "process_failed_to_decrypt":"0", "process_pending_decryption":"0", "process_success":"3", "total":"3"}}
{"logTime": "0919/094952", "correlationVector":"pmYE3l5jGqVdAa5CTq5MMw.5","action":"GetUpdates Response", "result":"Success", "context":Received 7 update(s). cV=pmYE3l5jGqVdAa5CTq5MMw.0;server=akswtt10100001u;cloudType=Consumer;environment=Prod_northeurope_prod-s01-084-eur-northeurope;migrationStage=NotStarted}
{"logTime": "0919/094952", "correlationVector":"N6NFYtSE9AAemzs/UMKHCu","action":"DoCompareDataConsistency requsted types: ", "result":"Bookmarks, Preferences, Passwords, Extensions, Extension settings, History Delete Directives, Send Tab To Self, Web Apps, History, Saved Tab Group, WebAuthn Credentials, Collection, Edge E Drop, Edge Wallet, Encryption Keys"}
{"logTime": "0919/094952", "correlationVector":"N6NFYtSE9AAemzs/UMKHCu.0","action":"CompareDataConsistency result: ", "result":"Compare result: Encryption Keys is consistent. local entities count is: 1 local entities hash is: tlDJnAgM7pBInASn2MKtI/vuWAk="}
{"logTime": "0919/094952", "correlationVector":"N6NFYtSE9AAemzs/UMKHCu.1","action":"CompareDataConsistency result: ", "result":"Compare result: Bookmarks is consistent. local entities count is: 22 local entities hash is: HRQNz44lMO8DX0wDnoujkpmdrvw="}
{"logTime": "0919/094952", "correlationVector":"N6NFYtSE9AAemzs/UMKHCu.2","action":"CompareDataConsistency result: ", "result":"Compare result: Preferences is consistent. local entities count is: 83 local entities hash is: XkWXj+9K3kytkDoAk1EgKe9jEi4="}
{"logTime": "0919/094952", "correlationVector":"N6NFYtSE9AAemzs/UMKHCu.3","action":"CompareDataConsistency result: ", "result":"Compare result: Passwords is consistent. local entities count is: 111 local entities hash is: gOXOvE9sFSxo3J//9cUj3sdkQRE="}
{"logTime": "0919/094952", "correlationVector":"N6NFYtSE9AAemzs/UMKHCu.4","action":"CompareDataConsistency result: ", "result":"Compare result: Extensions is consistent. local entities count is: 1 local entities hash is: wzKZx4vqOxe6v1y2ja5SIzY/hTw="}
{"logTime": "0919/094952", "correlationVector":"N6NFYtSE9AAemzs/UMKHCu.5","action":"CompareDataConsistency result: ", "result":"Compare result: Extension settings is consistent. local entities count is: 0 local entities hash is: "}
{"logTime": "0919/094952", "correlationVector":"N6NFYtSE9AAemzs/UMKHCu.6","action":"CompareDataConsistency result: ", "result":"Compare result: History Delete Directives is consistent. local entities count is: 0 local entities hash is: "}
{"logTime": "0919/094952", "correlationVector":"N6NFYtSE9AAemzs/UMKHCu.7","action":"CompareDataConsistency result: ", "result":"Server did not send this Send Tab To Self local entities count is: 0 local entities hash is: "}
{"logTime": "0919/094952", "correlationVector":"N6NFYtSE9AAemzs/UMKHCu.8","action":"CompareDataConsistency result: ", "result":"Compare result: Web Apps is consistent. local entities count is: 0 local entities hash is: "}
{"logTime": "0919/094952", "correlationVector":"N6NFYtSE9AAemzs/UMKHCu.9","action":"CompareDataConsistency result: ", "result":"Server did not send this History local entities count is: 0 local entities hash is: "}
{"logTime": "0919/094952", "correlationVector":"N6NFYtSE9AAemzs/UMKHCu.10","action":"CompareDataConsistency result: ", "result":"Compare result: Saved Tab Group is consistent. local entities count is: 0 local entities hash is: "}
{"logTime": "0919/094952", "correlationVector":"N6NFYtSE9AAemzs/UMKHCu.11","action":"CompareDataConsistency result: ", "result":"Server did not send this WebAuthn Credentials local entities count is: 0 local entities hash is: "}
{"logTime": "0919/094952", "correlationVector":"N6NFYtSE9AAemzs/UMKHCu.12","action":"CompareDataConsistency result: ", "result":"Compare result: Collection is consistent. local entities count is: 0 local entities hash is: "}
{"logTime": "0919/094952", "correlationVector":"N6NFYtSE9AAemzs/UMKHCu.13","action":"CompareDataConsistency result: ", "result":"Compare result: Edge E Drop is consistent. local entities count is: 0 local entities hash is: "}
{"logTime": "0919/094952", "correlationVector":"N6NFYtSE9AAemzs/UMKHCu.14","action":"CompareDataConsistency result: ", "result":"Compare result: Edge Wallet is consistent. local entities count is: 0 local entities hash is: "}
{"logTime": "0919/094952", "correlationVector":"","action":"DIAGNOSTIC_REQUEST|v1/diagnosticData/Diagnostic.SendCheckResult()|SUCCESS", "result":""}
{"logTime": "0919/094956", "correlationVector":"HskaV89/Wf/CzAXBjRIPDG","action":"Commit Request", "result":"", "context":Item count: 1
Contributing types: Preferences}
{"logTime": "0919/094956", "correlationVector":"HskaV89/Wf/CzAXBjRIPDG.1","action":"SyncServerConnectionManagerRequest", "result":"SYNC_SERVER_OK", "context":{"environment":"Prod_northeurope_prod-s01-084-eur-northeurope", "migrationStage":"NotStarted", "server":"akswtt10100001k"}}
{"logTime": "0919/094956", "correlationVector":"HskaV89/Wf/CzAXBjRIPDG.2","action":"Commit Response", "result":"Success", "context":Result: Success. cV=HskaV89/Wf/CzAXBjRIPDG.0;server=akswtt10100001k;cloudType=Consumer;environment=Prod_northeurope_prod-s01-084-eur-northeurope;migrationStage=NotStarted}
{"logTime": "0919/095106", "correlationVector":"JDy4bpfDqtMrCtjOU26LNS","action":"Commit Request", "result":"", "context":Item count: 7
Contributing types: Sessions, History}
{"logTime": "0919/095106", "correlationVector":"JDy4bpfDqtMrCtjOU26LNS.1","action":"SyncServerConnectionManagerRequest", "result":"SYNC_SERVER_OK", "context":{"environment":"Prod_northeurope_prod-s01-084-eur-northeurope", "migrationStage":"NotStarted", "server":"akswtt10100001b"}}
{"logTime": "0919/095106", "correlationVector":"JDy4bpfDqtMrCtjOU26LNS.2","action":"Commit Response", "result":"Success", "context":Result: Success. cV=JDy4bpfDqtMrCtjOU26LNS.0;server=akswtt10100001b;cloudType=Consumer;environment=Prod_northeurope_prod-s01-084-eur-northeurope;migrationStage=NotStarted}
{"logTime": "0919/095217", "correlationVector":"S8gUndP8yiwjFYfQk4kbXh","action":"Commit Request", "result":"", "context":Item count: 3
Contributing types: Sessions, History}
{"logTime": "0919/095218", "correlationVector":"S8gUndP8yiwjFYfQk4kbXh.1","action":"SyncServerConnectionManagerRequest", "result":"SYNC_SERVER_OK", "context":{"environment":"Prod_northeurope_prod-s01-084-eur-northeurope", "migrationStage":"NotStarted", "server":"akswtt10100002a"}}
{"logTime": "0919/095218", "correlationVector":"S8gUndP8yiwjFYfQk4kbXh.2","action":"Commit Response", "result":"Success", "context":Result: Success. cV=S8gUndP8yiwjFYfQk4kbXh.0;server=akswtt10100002a;cloudType=Consumer;environment=Prod_northeurope_prod-s01-084-eur-northeurope;migrationStage=NotStarted}
{"logTime": "0919/095219", "correlationVector":"gXNzFh+DnehczXJyK9FEek","action":"Normal GetUpdate request", "result":"", "context":cV=gXNzFh+DnehczXJyK9FEek
Notified types: History}
{"logTime": "0919/095219", "correlationVector":"gXNzFh+DnehczXJyK9FEek.1","action":"SyncServerConnectionManagerRequest", "result":"SYNC_SERVER_OK", "context":{"environment":"Prod_northeurope_prod-s01-084-eur-northeurope", "migrationStage":"NotStarted", "server":"akswtt10100001n"}}
{"logTime": "0919/095219", "correlationVector":"gXNzFh+DnehczXJyK9FEek.2","action":"ProcessGetUpdates", "result":"Done", "context":{"dataType":"Preferences", "deleted":"0", "process_failed_to_decrypt":"0", "process_pending_decryption":"0", "process_success":"1", "total":"1"}}
{"logTime": "0919/095219", "correlationVector":"gXNzFh+DnehczXJyK9FEek.3","action":"ProcessGetUpdates", "result":"Done", "context":{"dataType":"Sessions", "deleted":"1", "process_failed_to_decrypt":"0", "process_pending_decryption":"0", "process_success":"4", "total":"4"}}
{"logTime": "0919/095219", "correlationVector":"gXNzFh+DnehczXJyK9FEek.4","action":"ProcessGetUpdates", "result":"Done", "context":{"dataType":"History", "deleted":"0", "process_failed_to_decrypt":"0", "process_pending_decryption":"0", "process_success":"8", "total":"8"}}
{"logTime": "0919/095219", "correlationVector":"gXNzFh+DnehczXJyK9FEek.5","action":"GetUpdates Response", "result":"Success", "context":Received 13 update(s). cV=gXNzFh+DnehczXJyK9FEek.0;server=akswtt10100001n;cloudType=Consumer;environment=Prod_northeurope_prod-s01-084-eur-northeurope;migrationStage=NotStarted}
{"logTime": "0919/095405", "correlationVector":"lH+NenokG1mU8Wvk5l7fyc","action":"Commit Request", "result":"", "context":Item count: 7
Contributing types: Sessions, History}
{"logTime": "0919/095406", "correlationVector":"lH+NenokG1mU8Wvk5l7fyc.1","action":"SyncServerConnectionManagerRequest", "result":"SYNC_SERVER_OK", "context":{"environment":"Prod_northeurope_prod-s01-084-eur-northeurope", "migrationStage":"NotStarted", "server":"akswtt101000027"}}
{"logTime": "0919/095406", "correlationVector":"lH+NenokG1mU8Wvk5l7fyc.2","action":"Commit Response", "result":"Success", "context":Result: Success. cV=lH+NenokG1mU8Wvk5l7fyc.0;server=akswtt101000027;cloudType=Consumer;environment=Prod_northeurope_prod-s01-084-eur-northeurope;migrationStage=NotStarted}
{"logTime": "0919/095529", "correlationVector":"ntr0leob0w6e5FPbcaTBEp","action":"Commit Request", "result":"", "context":Item count: 9
Contributing types: Sessions, History}
{"logTime": "0919/095530", "correlationVector":"ntr0leob0w6e5FPbcaTBEp.1","action":"SyncServerConnectionManagerRequest", "result":"SYNC_SERVER_OK", "context":{"environment":"Prod_northeurope_prod-s01-084-eur-northeurope", "migrationStage":"NotStarted", "server":"akswtt10100001v"}}
{"logTime": "0919/095530", "correlationVector":"ntr0leob0w6e5FPbcaTBEp.2","action":"Commit Response", "result":"Success", "context":Result: Success. cV=ntr0leob0w6e5FPbcaTBEp.0;server=akswtt10100001v;cloudType=Consumer;environment=Prod_northeurope_prod-s01-084-eur-northeurope;migrationStage=NotStarted}
{"logTime": "0919/095713", "correlationVector":"84hiEgg7ry8/S4EJr4qBG+","action":"Commit Request", "result":"", "context":Item count: 13
Contributing types: Sessions, History}
{"logTime": "0919/095714", "correlationVector":"84hiEgg7ry8/S4EJr4qBG+.1","action":"SyncServerConnectionManagerRequest", "result":"SYNC_SERVER_OK", "context":{"environment":"Prod_northeurope_prod-s01-084-eur-northeurope", "migrationStage":"NotStarted", "server":"akswtt101000027"}}
{"logTime": "0919/095714", "correlationVector":"84hiEgg7ry8/S4EJr4qBG+.2","action":"Commit Response", "result":"Success", "context":Result: Success. cV=84hiEgg7ry8/S4EJr4qBG+.0;server=akswtt101000027;cloudType=Consumer;environment=Prod_northeurope_prod-s01-084-eur-northeurope;migrationStage=NotStarted}
{"logTime": "0919/095817", "correlationVector":"GzoAoKlsZX9dj52+hGVj5n","action":"Commit Request", "result":"", "context":Item count: 3
Contributing types: Sessions, History}
{"logTime": "0919/095818", "correlationVector":"GzoAoKlsZX9dj52+hGVj5n.1","action":"SyncServerConnectionManagerRequest", "result":"SYNC_SERVER_OK", "context":{"environment":"Prod_northeurope_prod-s01-084-eur-northeurope", "migrationStage":"NotStarted", "server":"akswtt101000009"}}
{"logTime": "0919/095818", "correlationVector":"GzoAoKlsZX9dj52+hGVj5n.2","action":"Commit Response", "result":"Success", "context":Result: Success. cV=GzoAoKlsZX9dj52+hGVj5n.0;server=akswtt101000009;cloudType=Consumer;environment=Prod_northeurope_prod-s01-084-eur-northeurope;migrationStage=NotStarted}
{"logTime": "0919/100956", "correlationVector":"YImW07qvSbAzeq59VWzYKG","action":"Normal GetUpdate request", "result":"", "context":cV=YImW07qvSbAzeq59VWzYKG
Notified types: History}
{"logTime": "0919/100956", "correlationVector":"YImW07qvSbAzeq59VWzYKG.1","action":"SyncServerConnectionManagerRequest", "result":"SYNC_SERVER_OK", "context":{"environment":"Prod_germanywestcentral_prod-s01-010-eur-germanywestcentral", "migrationStage":"NotStarted", "server":"akswtt10100000o"}}
{"logTime": "0919/100956", "correlationVector":"YImW07qvSbAzeq59VWzYKG.2","action":"ProcessGetUpdates", "result":"Done", "context":{"dataType":"Sessions", "deleted":"0", "process_failed_to_decrypt":"0", "process_pending_decryption":"0", "process_success":"7", "total":"7"}}
{"logTime": "0919/100956", "correlationVector":"YImW07qvSbAzeq59VWzYKG.3","action":"ProcessGetUpdates", "result":"Done", "context":{"dataType":"History", "deleted":"0", "process_failed_to_decrypt":"0", "process_pending_decryption":"0", "process_success":"17", "total":"17"}}
{"logTime": "0919/100956", "correlationVector":"YImW07qvSbAzeq59VWzYKG.4","action":"GetUpdates Response", "result":"Success", "context":Received 24 update(s). cV=YImW07qvSbAzeq59VWzYKG.0;server=akswtt10100000o;cloudType=Consumer;environment=Prod_germanywestcentral_prod-s01-010-eur-germanywestcentral;migrationStage=NotStarted}
{"logTime": "0921/183848", "correlationVector":"iUgCzWWOGyejvtiwjjjffk","action":"Normal GetUpdate request", "result":"", "context":cV=iUgCzWWOGyejvtiwjjjffk
Nudged types: Sessions, Device Info
Refresh requested types: Bookmarks, Preferences, Passwords, Autofill Profiles, Autofill, Extensions, Sessions, Extension settings, History Delete Directives, Device Info, User Consents, Send Tab To Self, Web Apps, History, Saved Tab Group, WebAuthn Credentials, Collection, Edge E Drop, Edge Hub App Usage, Edge Wallet, Encryption Keys}
{"logTime": "0921/183848", "correlationVector":"iUgCzWWOGyejvtiwjjjffk.1","action":"SyncServerConnectionManagerRequest", "result":"SYNC_SERVER_OK", "context":{"environment":"Prod_francecentral_prod-s01-062-eur-francecentral", "migrationStage":"NotStarted", "server":"akswtt10300000r"}}
{"logTime": "0921/183848", "correlationVector":"iUgCzWWOGyejvtiwjjjffk.2","action":"ProcessGetUpdates", "result":"Done", "context":{"dataType":"Preferences", "deleted":"0", "process_failed_to_decrypt":"0", "process_pending_decryption":"0", "process_success":"4", "total":"4"}}
{"logTime": "0921/183848", "correlationVector":"iUgCzWWOGyejvtiwjjjffk.3","action":"ProcessGetUpdates", "result":"Done", "context":{"dataType":"Passwords", "deleted":"0", "process_failed_to_decrypt":"0", "process_pending_decryption":"0", "process_success":"1", "total":"1"}}
{"logTime": "0921/183848", "correlationVector":"iUgCzWWOGyejvtiwjjjffk.4","action":"ProcessGetUpdates", "result":"Done", "context":{"dataType":"Autofill Profiles", "deleted":"0", "process_failed_to_decrypt":"0", "process_pending_decryption":"0", "process_success":"2", "total":"2"}}
{"logTime": "0921/183848", "correlationVector":"iUgCzWWOGyejvtiwjjjffk.5","action":"ProcessGetUpdates", "result":"Done", "context":{"dataType":"Autofill", "deleted":"0", "process_failed_to_decrypt":"0", "process_pending_decryption":"0", "process_success":"1", "total":"1"}}
{"logTime": "0921/183848", "correlationVector":"iUgCzWWOGyejvtiwjjjffk.6","action":"ProcessGetUpdates", "result":"Done", "context":{"dataType":"Sessions", "deleted":"53", "process_failed_to_decrypt":"0", "process_pending_decryption":"0", "process_success":"109", "total":"109"}}
{"logTime": "0921/183848", "correlationVector":"iUgCzWWOGyejvtiwjjjffk.7","action":"ProcessGetUpdates", "result":"Done", "context":{"dataType":"Device Info", "deleted":"0", "process_failed_to_decrypt":"0", "process_pending_decryption":"0", "process_success":"1", "total":"1"}}
{"logTime": "0921/183848", "correlationVector":"iUgCzWWOGyejvtiwjjjffk.8","action":"ProcessGetUpdates", "result":"Done", "context":{"dataType":"History", "deleted":"0", "process_failed_to_decrypt":"0", "process_pending_decryption":"0", "process_success":"49", "total":"49"}}
{"logTime": "0921/183848", "correlationVector":"iUgCzWWOGyejvtiwjjjffk.9","action":"GetUpdates Response", "result":"Success", "context":Received 167 update(s). cV=iUgCzWWOGyejvtiwjjjffk.0;server=akswtt10300000r;cloudType=Consumer;environment=Prod_francecentral_prod-s01-062-eur-francecentral;migrationStage=NotStarted}
{"logTime": "0921/183848", "correlationVector":"J/oKtQtQHAVhWRl+5mi26a","action":"Commit Request", "result":"", "context":Item count: 6
Contributing types: Sessions, Device Info}
{"logTime": "0921/183849", "correlationVector":"J/oKtQtQHAVhWRl+5mi26a.1","action":"SyncServerConnectionManagerRequest", "result":"SYNC_SERVER_OK", "context":{"environment":"Prod_francecentral_prod-s01-062-eur-francecentral", "migrationStage":"NotStarted", "server":"akswtt10300000r"}}
{"logTime": "0921/183849", "correlationVector":"J/oKtQtQHAVhWRl+5mi26a.3","action":"Commit.Sessions", "result":"Success", "context":{"id":"74496833-2b5a-462c-9075-44054a898ee9", "isDeleted":"true", "size":"0", "version":"1758275537862"}}
{"logTime": "0921/183849", "correlationVector":"J/oKtQtQHAVhWRl+5mi26a.4","action":"Commit.Sessions", "result":"Success", "context":{"id":"d3b18264-bf1f-4bdf-9dc2-22e568c34a85", "isDeleted":"true", "size":"0", "version":"1758275833803"}}
{"logTime": "0921/183849", "correlationVector":"J/oKtQtQHAVhWRl+5mi26a.5","action":"Commit.Sessions", "result":"Success", "context":{"id":"f2c52449-d128-474a-9058-783a8f76a7a0", "isDeleted":"true", "size":"0", "version":"1758275833804"}}
{"logTime": "0921/183849", "correlationVector":"J/oKtQtQHAVhWRl+5mi26a.6","action":"Commit.Sessions", "result":"Success", "context":{"id":"aeae6d40-79af-4197-b561-5208da351616", "isDeleted":"true", "size":"0", "version":"1758275897919"}}
{"logTime": "0921/183849", "correlationVector":"J/oKtQtQHAVhWRl+5mi26a.2","action":"Commit Response", "result":"Success", "context":Result: Success. cV=J/oKtQtQHAVhWRl+5mi26a.0;server=akswtt10300000r;cloudType=Consumer;environment=Prod_francecentral_prod-s01-062-eur-francecentral;migrationStage=NotStarted}
{"logTime": "0921/183850", "correlationVector":"XFsirz/MEg4DP2eqSqp/z1","action":"SyncServerConnectionManagerRequest", "result":"SYNC_SERVER_OK", "context":{"environment":"", "migrationStage":"", "server":""}}
{"logTime": "0921/183850", "correlationVector":"XFsirz/MEg4DP2eqSqp/z1.0","action":"EncryptionKeysFetcher.DownloadKeys:", "result":"Success", "context":Key count: 7, Last key timestamp: 2025-08-03T06:33:51Z}
{"logTime": "0921/183850", "correlationVector":"XFsirz/MEg4DP2eqSqp/z1.1","action":"EncryptionKeysManager::SetEncryptionKeys:", "result":"Success", "context":Key names[7]:[1IYSpg9yHG2UOwvF3FJG7WkrUsjcmAiPboglDA8gUdolHD4e5Fuft3ShJ7B5w68unScxolqpLrEKY3TuqZQHSg==][xPf9BOcuuiAYDr4TSKmiOZaM5W+sjfmQtqepbueryKcSuvtQWRgpWrKfhv6wGiOfywfULgSbDeLyCcM2PZX2cw==][zCV4V8CM0t/9A27KfivMH195/Co7TCUBoqX4bunpiRnncBX8ZT2tLOlsWbGWdiKzGZMabgrS+a4jyVHD7YBAEw==][zDfuFsFCnI4uQasJIt08yaHEjQw5FV36M438YVHPhZpJ+eHGL+9hAJc0Jp1sz+kas1C7wKSPgKQ+e9wmB/4lqA==][omDOqWHCl0L38qhbXfHGBzasQlHombaVluqpd/C/tG5u+og3ruFduGVAv6g4y01fA7xnQHVZ+P15Abnsw9fOuQ==][/2aMEHMuG8V0qRpkdw1/G6pJNOC7+947Tumc1z+1X7oaXI2S22LEdvzADF7ARXAVPFACUR9/IAdxvlzKGQH4vw==][bR8CEBz4gHzVyedMCbg3/xUF9ebV5rla+kpOplvrUGBV6xtmDQIAlHz6svuW8oI9oDYyCyuP6HnK2zuz3eP3Kg==]}
{"logTime": "0921/183850", "correlationVector":"XFsirz/MEg4DP2eqSqp/z1.2","action":"EncryptionKeysManager::SetEncryptionKeysWithTimestamps:", "result":"Success", "context":Key timestamps[7]:[2022-11-26T16:58:28Z][2023-06-05T14:48:33Z][2023-12-14T10:22:34Z][2024-12-28T11:00:03Z][2024-12-29T16:30:19Z][2025-02-03T17:48:51Z][2025-08-03T06:33:51Z]}
{"logTime": "0921/183850", "correlationVector":"DR7BIf8Ivm/uxzeft4F+kY","action":"Poll GetUpdate request", "result":"", "context":cV=DR7BIf8Ivm/uxzeft4F+kY}
{"logTime": "0921/183850", "correlationVector":"DR7BIf8Ivm/uxzeft4F+kY.1","action":"SyncServerConnectionManagerRequest", "result":"SYNC_SERVER_OK", "context":{"environment":"Prod_francecentral_prod-s01-062-eur-francecentral", "migrationStage":"NotStarted", "server":"akswtt103000000"}}
{"logTime": "0921/183850", "correlationVector":"DR7BIf8Ivm/uxzeft4F+kY.2","action":"ProcessGetUpdates", "result":"Done", "context":{"dataType":"Sessions", "deleted":"4", "process_failed_to_decrypt":"0", "process_pending_decryption":"0", "process_success":"5", "total":"5"}}
{"logTime": "0921/183850", "correlationVector":"DR7BIf8Ivm/uxzeft4F+kY.3","action":"ProcessGetUpdates", "result":"Done", "context":{"dataType":"Device Info", "deleted":"0", "process_failed_to_decrypt":"0", "process_pending_decryption":"0", "process_success":"1", "total":"1"}}
{"logTime": "0921/183850", "correlationVector":"DR7BIf8Ivm/uxzeft4F+kY.4","action":"GetUpdates Response", "result":"Success", "context":Received 6 update(s). cV=DR7BIf8Ivm/uxzeft4F+kY.0;server=akswtt103000000;cloudType=Consumer;environment=Prod_francecentral_prod-s01-062-eur-francecentral;migrationStage=NotStarted}
{"logTime": "0921/183903", "correlationVector":"3v99YC4BOF/lzZeRXqzae1","action":"Commit Request", "result":"", "context":Item count: 10
Contributing types: Preferences, Sessions, History}
{"logTime": "0921/183905", "correlationVector":"3v99YC4BOF/lzZeRXqzae1.1","action":"SyncServerConnectionManagerRequest", "result":"SYNC_SERVER_OK", "context":{"environment":"Prod_francecentral_prod-s01-062-eur-francecentral", "migrationStage":"NotStarted", "server":"akswtt10300000r"}}
{"logTime": "0921/183905", "correlationVector":"3v99YC4BOF/lzZeRXqzae1.2","action":"Commit Response", "result":"Success", "context":Result: Success. cV=3v99YC4BOF/lzZeRXqzae1.0;server=akswtt10300000r;cloudType=Consumer;environment=Prod_francecentral_prod-s01-062-eur-francecentral;migrationStage=NotStarted}
{"logTime": "0921/183912", "correlationVector":"WgGsq0xBAY1hAyPfuvMG4l","action":"Commit Request", "result":"", "context":Item count: 1
Contributing types: Preferences}
{"logTime": "0921/183912", "correlationVector":"WgGsq0xBAY1hAyPfuvMG4l.1","action":"SyncServerConnectionManagerRequest", "result":"SYNC_SERVER_OK", "context":{"environment":"Prod_francecentral_prod-s01-062-eur-francecentral", "migrationStage":"NotStarted", "server":"akswtt103000007"}}
{"logTime": "0921/183912", "correlationVector":"WgGsq0xBAY1hAyPfuvMG4l.2","action":"Commit Response", "result":"Success", "context":Result: Success. cV=WgGsq0xBAY1hAyPfuvMG4l.0;server=akswtt103000007;cloudType=Consumer;environment=Prod_francecentral_prod-s01-062-eur-francecentral;migrationStage=NotStarted}
{"logTime": "0921/184024", "correlationVector":"BLtpGWGp8vyP8jed+OVeWj","action":"Commit Request", "result":"", "context":Item count: 11
Contributing types: Sessions, History}
{"logTime": "0921/184025", "correlationVector":"BLtpGWGp8vyP8jed+OVeWj.1","action":"SyncServerConnectionManagerRequest", "result":"SYNC_SERVER_OK", "context":{"environment":"Prod_francecentral_prod-s01-062-eur-francecentral", "migrationStage":"NotStarted", "server":"akswtt103000001"}}
{"logTime": "0921/184025", "correlationVector":"BLtpGWGp8vyP8jed+OVeWj.3","action":"Commit.Sessions", "result":"Success", "context":{"id":"eea2662d-2b80-404f-afb7-d569509fa544", "isDeleted":"true", "size":"0", "version":"1758479944716"}}
{"logTime": "0921/184025", "correlationVector":"BLtpGWGp8vyP8jed+OVeWj.4","action":"Commit.Sessions", "result":"Success", "context":{"id":"ff4b2870-f61a-4339-9209-12bd965b288c", "isDeleted":"true", "size":"0", "version":"1758479944717"}}
{"logTime": "0921/184025", "correlationVector":"BLtpGWGp8vyP8jed+OVeWj.5","action":"Commit.Sessions", "result":"Success", "context":{"id":"d863ad6d-a6fc-4b70-b5d3-0adf87e8204b", "isDeleted":"true", "size":"0", "version":"1758479944719"}}
{"logTime": "0921/184025", "correlationVector":"BLtpGWGp8vyP8jed+OVeWj.2","action":"Commit Response", "result":"Success", "context":Result: Success. cV=BLtpGWGp8vyP8jed+OVeWj.0;server=akswtt103000001;cloudType=Consumer;environment=Prod_francecentral_prod-s01-062-eur-francecentral;migrationStage=NotStarted}
{"logTime": "0921/184117", "correlationVector":"Fqm9AatjJP8J1EZcrVfBbx","action":"Normal GetUpdate request", "result":"", "context":cV=Fqm9AatjJP8J1EZcrVfBbx
Nudged types: Sessions, History
Notified types: Preferences, Device Info}
{"logTime": "0921/184117", "correlationVector":"Fqm9AatjJP8J1EZcrVfBbx.1","action":"SyncServerConnectionManagerRequest", "result":"SYNC_SERVER_OK", "context":{"environment":"Prod_francecentral_prod-s01-062-eur-francecentral", "migrationStage":"NotStarted", "server":"akswtt103000009"}}
{"logTime": "0921/184117", "correlationVector":"Fqm9AatjJP8J1EZcrVfBbx.2","action":"ProcessGetUpdates", "result":"Done", "context":{"dataType":"Preferences", "deleted":"0", "process_failed_to_decrypt":"0", "process_pending_decryption":"0", "process_success":"2", "total":"2"}}
{"logTime": "0921/184117", "correlationVector":"Fqm9AatjJP8J1EZcrVfBbx.3","action":"ProcessGetUpdates", "result":"Done", "context":{"dataType":"Sessions", "deleted":"6", "process_failed_to_decrypt":"0", "process_pending_decryption":"0", "process_success":"44", "total":"44"}}
{"logTime": "0921/184117", "correlationVector":"Fqm9AatjJP8J1EZcrVfBbx.4","action":"ProcessGetUpdates", "result":"Done", "context":{"dataType":"Device Info", "deleted":"0", "process_failed_to_decrypt":"0", "process_pending_decryption":"0", "process_success":"1", "total":"1"}}
{"logTime": "0921/184117", "correlationVector":"Fqm9AatjJP8J1EZcrVfBbx.5","action":"ProcessGetUpdates", "result":"Done", "context":{"dataType":"History", "deleted":"0", "process_failed_to_decrypt":"0", "process_pending_decryption":"0", "process_success":"9", "total":"9"}}
{"logTime": "0921/184117", "correlationVector":"Fqm9AatjJP8J1EZcrVfBbx.6","action":"GetUpdates Response", "result":"Success", "context":Received 56 update(s). cV=Fqm9AatjJP8J1EZcrVfBbx.0;server=akswtt103000009;cloudType=Consumer;environment=Prod_francecentral_prod-s01-062-eur-francecentral;migrationStage=NotStarted}
{"logTime": "0921/184117", "correlationVector":"lg2ZZTLuJCHacIKAZaUVi1","action":"Commit Request", "result":"", "context":Item count: 3
Contributing types: Sessions, History}
{"logTime": "0921/184117", "correlationVector":"lg2ZZTLuJCHacIKAZaUVi1.1","action":"SyncServerConnectionManagerRequest", "result":"SYNC_SERVER_OK", "context":{"environment":"Prod_francecentral_prod-s01-062-eur-francecentral", "migrationStage":"NotStarted", "server":"akswtt10300001c"}}
{"logTime": "0921/184117", "correlationVector":"lg2ZZTLuJCHacIKAZaUVi1.2","action":"Commit Response", "result":"Success", "context":Result: Success. cV=lg2ZZTLuJCHacIKAZaUVi1.0;server=akswtt10300001c;cloudType=Consumer;environment=Prod_francecentral_prod-s01-062-eur-francecentral;migrationStage=NotStarted}
{"logTime": "0921/184117", "correlationVector":"reAvCeTAIxn7JphiTZ9oD+","action":"ValidateEncryptionKeys", "result":"No old key", "context":Passwords[111]: Type key is OK}
{"logTime": "0921/184117", "correlationVector":"reAvCeTAIxn7JphiTZ9oD+.0","action":"ValidateEncryptionKeys", "result":"No old key", "context":Autofill Profiles[26]: Type key is OK}
{"logTime": "0921/184117", "correlationVector":"reAvCeTAIxn7JphiTZ9oD+.1","action":"ValidateEncryptionKeys", "result":"Found old keys", "context":Autofill[364]: Type key is OK, 37 items in old keys: [0f02345f-bad9-44e7-bd7d-b00de1c51c14:1738607623250][179bce58-9724-4e92-856f-0cf1b434a2ea:1738607623255]}
{"logTime": "0921/184117", "correlationVector":"reAvCeTAIxn7JphiTZ9oD+.2","action":"ValidateEncryptionKeys", "result":"Mitigated", "context":Nigori: [bR8CEBz4gHzVyedMCbg3/xUF9ebV5rla+kpOplvrUGBV6xtmDQIAlHz6svuW8oI9oDYyCyuP6HnK2zuz3eP3Kg==:1754202834274], Oldest item[Version:1735580056934:Months older:8]}
{"logTime": "0921/184119", "correlationVector":"kT8a8VcKsBgjz+f6mDggLa","action":"Normal GetUpdate request", "result":"", "context":cV=kT8a8VcKsBgjz+f6mDggLa
Nudged types: Sessions, History
Notified types: History}
{"logTime": "0921/184119", "correlationVector":"kT8a8VcKsBgjz+f6mDggLa.1","action":"SyncServerConnectionManagerRequest", "result":"SYNC_SERVER_OK", "context":{"environment":"Prod_francecentral_prod-s01-062-eur-francecentral", "migrationStage":"NotStarted", "server":"akswtt10300000m"}}
{"logTime": "0921/184119", "correlationVector":"kT8a8VcKsBgjz+f6mDggLa.2","action":"ProcessGetUpdates", "result":"Done", "context":{"dataType":"Sessions", "deleted":"0", "process_failed_to_decrypt":"0", "process_pending_decryption":"0", "process_success":"22", "total":"22"}}
{"logTime": "0921/184119", "correlationVector":"kT8a8VcKsBgjz+f6mDggLa.3","action":"ProcessGetUpdates", "result":"Done", "context":{"dataType":"History", "deleted":"0", "process_failed_to_decrypt":"0", "process_pending_decryption":"0", "process_success":"4", "total":"4"}}
{"logTime": "0921/184119", "correlationVector":"kT8a8VcKsBgjz+f6mDggLa.4","action":"GetUpdates Response", "result":"Success", "context":Received 26 update(s). cV=kT8a8VcKsBgjz+f6mDggLa.0;server=akswtt10300000m;cloudType=Consumer;environment=Prod_francecentral_prod-s01-062-eur-francecentral;migrationStage=NotStarted}
{"logTime": "0921/184119", "correlationVector":"q33221JLEu90Q5mKGxd7bl","action":"Commit Request", "result":"", "context":Item count: 37
Contributing types: Autofill}
{"logTime": "0921/184121", "correlationVector":"q33221JLEu90Q5mKGxd7bl.1","action":"SyncServerConnectionManagerRequest", "result":"SYNC_SERVER_OK", "context":{"environment":"Prod_francecentral_prod-s01-062-eur-francecentral", "migrationStage":"NotStarted", "server":"akswtt103000009"}}
{"logTime": "0921/184121", "correlationVector":"q33221JLEu90Q5mKGxd7bl.2","action":"Commit Response", "result":"Success", "context":Result: Success. cV=q33221JLEu90Q5mKGxd7bl.0;server=akswtt103000009;cloudType=Consumer;environment=Prod_francecentral_prod-s01-062-eur-francecentral;migrationStage=NotStarted}
{"logTime": "0926/101607", "correlationVector":"FfKij+m32Gn/Oh1EexnnOm","action":"Normal GetUpdate request", "result":"", "context":cV=FfKij+m32Gn/Oh1EexnnOm
Nudged types: Sessions, Device Info, History
Refresh requested types: Bookmarks, Preferences, Passwords, Autofill Profiles, Autofill, Extensions, Sessions, Extension settings, History Delete Directives, Device Info, User Consents, Send Tab To Self, Web Apps, History, Saved Tab Group, WebAuthn Credentials, Collection, Edge E Drop, Edge Hub App Usage, Edge Wallet, Encryption Keys}
{"logTime": "0926/101608", "correlationVector":"FfKij+m32Gn/Oh1EexnnOm.1","action":"SyncServerConnectionManagerRequest", "result":"SYNC_SERVER_OK", "context":{"environment":"Prod_francecentral_prod-s01-062-eur-francecentral", "migrationStage":"NotStarted", "server":"akswtt10400000j"}}
{"logTime": "0926/101608", "correlationVector":"FfKij+m32Gn/Oh1EexnnOm.2","action":"ProcessGetUpdates", "result":"Done", "context":{"dataType":"Preferences", "deleted":"0", "process_failed_to_decrypt":"0", "process_pending_decryption":"0", "process_success":"3", "total":"3"}}
{"logTime": "0926/101608", "correlationVector":"FfKij+m32Gn/Oh1EexnnOm.3","action":"ProcessGetUpdates", "result":"Done", "context":{"dataType":"Passwords", "deleted":"0", "process_failed_to_decrypt":"0", "process_pending_decryption":"0", "process_success":"2", "total":"2"}}
{"logTime": "0926/101608", "correlationVector":"FfKij+m32Gn/Oh1EexnnOm.4","action":"ProcessGetUpdates", "result":"Done", "context":{"dataType":"Autofill", "deleted":"0", "process_failed_to_decrypt":"0", "process_pending_decryption":"0", "process_success":"39", "total":"39"}}
{"logTime": "0926/101608", "correlationVector":"FfKij+m32Gn/Oh1EexnnOm.5","action":"ProcessGetUpdates", "result":"Done", "context":{"dataType":"Sessions", "deleted":"114", "process_failed_to_decrypt":"0", "process_pending_decryption":"0", "process_success":"149", "total":"149"}}
{"logTime": "0926/101608", "correlationVector":"FfKij+m32Gn/Oh1EexnnOm.6","action":"ProcessGetUpdates", "result":"Done", "context":{"dataType":"Device Info", "deleted":"0", "process_failed_to_decrypt":"0", "process_pending_decryption":"0", "process_success":"1", "total":"1"}}
{"logTime": "0926/101608", "correlationVector":"FfKij+m32Gn/Oh1EexnnOm.7","action":"ProcessGetUpdates", "result":"Done", "context":{"dataType":"History", "deleted":"0", "process_failed_to_decrypt":"0", "process_pending_decryption":"0", "process_success":"250", "total":"250"}}
{"logTime": "0926/101608", "correlationVector":"FfKij+m32Gn/Oh1EexnnOm.8","action":"ProcessGetUpdates", "result":"Done", "context":{"dataType":"Edge Hub App Usage", "deleted":"4", "process_failed_to_decrypt":"0", "process_pending_decryption":"0", "process_success":"4", "total":"4"}}
{"logTime": "0926/101608", "correlationVector":"FfKij+m32Gn/Oh1EexnnOm.9","action":"GetUpdates Response", "result":"Success", "context":Received 448 update(s). cV=FfKij+m32Gn/Oh1EexnnOm.0;server=akswtt10400000j;cloudType=Consumer;environment=Prod_francecentral_prod-s01-062-eur-francecentral;migrationStage=NotStarted Some updates remain.}
{"logTime": "0926/101608", "correlationVector":"c168gEwF1Jt23aQENAT//3","action":"Normal GetUpdate request", "result":"", "context":cV=c168gEwF1Jt23aQENAT//3
Nudged types: Sessions, Device Info, History
Refresh requested types: Bookmarks, Preferences, Passwords, Autofill Profiles, Autofill, Extensions, Sessions, Extension settings, History Delete Directives, Device Info, User Consents, Send Tab To Self, Web Apps, History, Saved Tab Group, WebAuthn Credentials, Collection, Edge E Drop, Edge Hub App Usage, Edge Wallet, Encryption Keys}
{"logTime": "0926/101608", "correlationVector":"c168gEwF1Jt23aQENAT//3.1","action":"SyncServerConnectionManagerRequest", "result":"SYNC_SERVER_OK", "context":{"environment":"Prod_francecentral_prod-s01-062-eur-francecentral", "migrationStage":"NotStarted", "server":"akswtt10400000f"}}
{"logTime": "0926/101608", "correlationVector":"c168gEwF1Jt23aQENAT//3.2","action":"ProcessGetUpdates", "result":"Done", "context":{"dataType":"Preferences", "deleted":"0", "process_failed_to_decrypt":"0", "process_pending_decryption":"0", "process_success":"1", "total":"1"}}
{"logTime": "0926/101608", "correlationVector":"c168gEwF1Jt23aQENAT//3.3","action":"ProcessGetUpdates", "result":"Done", "context":{"dataType":"Sessions", "deleted":"7", "process_failed_to_decrypt":"0", "process_pending_decryption":"0", "process_success":"15", "total":"15"}}
{"logTime": "0926/101608", "correlationVector":"c168gEwF1Jt23aQENAT//3.4","action":"ProcessGetUpdates", "result":"Done", "context":{"dataType":"History", "deleted":"0", "process_failed_to_decrypt":"0", "process_pending_decryption":"0", "process_success":"18", "total":"18"}}
{"logTime": "0926/101608", "correlationVector":"c168gEwF1Jt23aQENAT//3.5","action":"GetUpdates Response", "result":"Success", "context":Received 34 update(s). cV=c168gEwF1Jt23aQENAT//3.0;server=akswtt10400000f;cloudType=Consumer;environment=Prod_francecentral_prod-s01-062-eur-francecentral;migrationStage=NotStarted}
{"logTime": "0926/101608", "correlationVector":"L18ewiekeWEoUCNyhoblsd","action":"Commit Request", "result":"", "context":Item count: 7
Contributing types: Sessions, Device Info, History}
{"logTime": "0926/101610", "correlationVector":"L18ewiekeWEoUCNyhoblsd.1","action":"SyncServerConnectionManagerRequest", "result":"SYNC_SERVER_OK", "context":{"environment":"Prod_francecentral_prod-s01-062-eur-francecentral", "migrationStage":"NotStarted", "server":"akswtt10400000k"}}
{"logTime": "0926/101610", "correlationVector":"L18ewiekeWEoUCNyhoblsd.3","action":"Commit.Sessions", "result":"Success", "context":{"id":"9357a322-ce18-4839-bb47-52026aaaa09d", "isDeleted":"true", "size":"0", "version":"1758480024850"}}
{"logTime": "0926/101610", "correlationVector":"L18ewiekeWEoUCNyhoblsd.2","action":"Commit Response", "result":"Success", "context":Result: Success. cV=L18ewiekeWEoUCNyhoblsd.0;server=akswtt10400000k;cloudType=Consumer;environment=Prod_francecentral_prod-s01-062-eur-francecentral;migrationStage=NotStarted}
{"logTime": "0926/101610", "correlationVector":"16m1X0XpujBAhOs5XGCtQD","action":"SyncServerConnectionManagerRequest", "result":"SYNC_SERVER_OK", "context":{"environment":"", "migrationStage":"", "server":""}}
{"logTime": "0926/101610", "correlationVector":"16m1X0XpujBAhOs5XGCtQD.0","action":"EncryptionKeysFetcher.DownloadKeys:", "result":"Success", "context":Key count: 7, Last key timestamp: 2025-08-03T06:33:51Z}
{"logTime": "0926/101610", "correlationVector":"16m1X0XpujBAhOs5XGCtQD.1","action":"EncryptionKeysManager::SetEncryptionKeys:", "result":"Success", "context":Key names[7]:[1IYSpg9yHG2UOwvF3FJG7WkrUsjcmAiPboglDA8gUdolHD4e5Fuft3ShJ7B5w68unScxolqpLrEKY3TuqZQHSg==][xPf9BOcuuiAYDr4TSKmiOZaM5W+sjfmQtqepbueryKcSuvtQWRgpWrKfhv6wGiOfywfULgSbDeLyCcM2PZX2cw==][zCV4V8CM0t/9A27KfivMH195/Co7TCUBoqX4bunpiRnncBX8ZT2tLOlsWbGWdiKzGZMabgrS+a4jyVHD7YBAEw==][zDfuFsFCnI4uQasJIt08yaHEjQw5FV36M438YVHPhZpJ+eHGL+9hAJc0Jp1sz+kas1C7wKSPgKQ+e9wmB/4lqA==][omDOqWHCl0L38qhbXfHGBzasQlHombaVluqpd/C/tG5u+og3ruFduGVAv6g4y01fA7xnQHVZ+P15Abnsw9fOuQ==][/2aMEHMuG8V0qRpkdw1/G6pJNOC7+947Tumc1z+1X7oaXI2S22LEdvzADF7ARXAVPFACUR9/IAdxvlzKGQH4vw==][bR8CEBz4gHzVyedMCbg3/xUF9ebV5rla+kpOplvrUGBV6xtmDQIAlHz6svuW8oI9oDYyCyuP6HnK2zuz3eP3Kg==]}
{"logTime": "0926/101610", "correlationVector":"16m1X0XpujBAhOs5XGCtQD.2","action":"EncryptionKeysManager::SetEncryptionKeysWithTimestamps:", "result":"Success", "context":Key timestamps[7]:[2022-11-26T16:58:28Z][2023-06-05T14:48:33Z][2023-12-14T10:22:34Z][2024-12-28T11:00:03Z][2024-12-29T16:30:19Z][2025-02-03T17:48:51Z][2025-08-03T06:33:51Z]}
{"logTime": "0926/101610", "correlationVector":"MLDCc9mbz08nyxi5iixgiI","action":"Commit Request", "result":"", "context":Item count: 2
Contributing types: Sessions, History}
{"logTime": "0926/101610", "correlationVector":"MLDCc9mbz08nyxi5iixgiI.1","action":"SyncServerConnectionManagerRequest", "result":"SYNC_SERVER_OK", "context":{"environment":"Prod_francecentral_prod-s01-062-eur-francecentral", "migrationStage":"NotStarted", "server":"akswtt10400000j"}}
{"logTime": "0926/101610", "correlationVector":"MLDCc9mbz08nyxi5iixgiI.2","action":"Commit Response", "result":"Success", "context":Result: Success. cV=MLDCc9mbz08nyxi5iixgiI.0;server=akswtt10400000j;cloudType=Consumer;environment=Prod_francecentral_prod-s01-062-eur-francecentral;migrationStage=NotStarted}
{"logTime": "0926/101610", "correlationVector":"+JbdxhFSInaFarqwyLKE4H","action":"Poll GetUpdate request", "result":"", "context":cV=+JbdxhFSInaFarqwyLKE4H}
{"logTime": "0926/101610", "correlationVector":"+JbdxhFSInaFarqwyLKE4H.1","action":"SyncServerConnectionManagerRequest", "result":"SYNC_SERVER_OK", "context":{"environment":"Prod_francecentral_prod-s01-062-eur-francecentral", "migrationStage":"NotStarted", "server":"akswtt10400001m"}}
{"logTime": "0926/101610", "correlationVector":"+JbdxhFSInaFarqwyLKE4H.2","action":"ProcessGetUpdates", "result":"Done", "context":{"dataType":"Sessions", "deleted":"1", "process_failed_to_decrypt":"0", "process_pending_decryption":"0", "process_success":"3", "total":"3"}}
{"logTime": "0926/101610", "correlationVector":"+JbdxhFSInaFarqwyLKE4H.3","action":"ProcessGetUpdates", "result":"Done", "context":{"dataType":"Device Info", "deleted":"0", "process_failed_to_decrypt":"0", "process_pending_decryption":"0", "process_success":"1", "total":"1"}}
{"logTime": "0926/101610", "correlationVector":"+JbdxhFSInaFarqwyLKE4H.4","action":"ProcessGetUpdates", "result":"Done", "context":{"dataType":"History", "deleted":"0", "process_failed_to_decrypt":"0", "process_pending_decryption":"0", "process_success":"3", "total":"3"}}
{"logTime": "0926/101610", "correlationVector":"+JbdxhFSInaFarqwyLKE4H.5","action":"GetUpdates Response", "result":"Success", "context":Received 7 update(s). cV=+JbdxhFSInaFarqwyLKE4H.0;server=akswtt10400001m;cloudType=Consumer;environment=Prod_francecentral_prod-s01-062-eur-francecentral;migrationStage=NotStarted}
{"logTime": "0926/101619", "correlationVector":"RxaqSINsUmFrHAZRhC7N81","action":"Commit Request", "result":"", "context":Item count: 5
Contributing types: Preferences, Sessions, History}
{"logTime": "0926/101620", "correlationVector":"RxaqSINsUmFrHAZRhC7N81.1","action":"SyncServerConnectionManagerRequest", "result":"SYNC_SERVER_OK", "context":{"environment":"Prod_francecentral_prod-s01-062-eur-francecentral", "migrationStage":"NotStarted", "server":"akswtt10400000v"}}
{"logTime": "0926/101620", "correlationVector":"RxaqSINsUmFrHAZRhC7N81.2","action":"Commit Response", "result":"Success", "context":Result: Success. cV=RxaqSINsUmFrHAZRhC7N81.0;server=akswtt10400000v;cloudType=Consumer;environment=Prod_francecentral_prod-s01-062-eur-francecentral;migrationStage=NotStarted}
{"logTime": "0926/101720", "correlationVector":"s7TMQ5sHBhSfDd+4TiF91G","action":"Commit Request", "result":"", "context":Item count: 3
Contributing types: Sessions, History}
{"logTime": "0926/101721", "correlationVector":"s7TMQ5sHBhSfDd+4TiF91G.1","action":"SyncServerConnectionManagerRequest", "result":"SYNC_SERVER_OK", "context":{"environment":"Prod_francecentral_prod-s01-062-eur-francecentral", "migrationStage":"NotStarted", "server":"akswtt10400000b"}}
{"logTime": "0926/101721", "correlationVector":"s7TMQ5sHBhSfDd+4TiF91G.2","action":"Commit Response", "result":"Success", "context":Result: Success. cV=s7TMQ5sHBhSfDd+4TiF91G.0;server=akswtt10400000b;cloudType=Consumer;environment=Prod_francecentral_prod-s01-062-eur-francecentral;migrationStage=NotStarted}
{"logTime": "0926/103006", "correlationVector":"jj7F7c1iJ1Rm5HjfWSvjaa","action":"Commit Request", "result":"", "context":Item count: 5
Contributing types: Sessions, History}
{"logTime": "0926/103007", "correlationVector":"jj7F7c1iJ1Rm5HjfWSvjaa.1","action":"SyncServerConnectionManagerRequest", "result":"SYNC_SERVER_OK", "context":{"environment":"Prod_germanywestcentral_prod-s01-010-eur-germanywestcentral", "migrationStage":"NotStarted", "server":"akswtt102000004"}}
{"logTime": "0926/103007", "correlationVector":"jj7F7c1iJ1Rm5HjfWSvjaa.2","action":"Commit Response", "result":"Success", "context":Result: Success. cV=jj7F7c1iJ1Rm5HjfWSvjaa.0;server=akswtt102000004;cloudType=Consumer;environment=Prod_germanywestcentral_prod-s01-010-eur-germanywestcentral;migrationStage=NotStarted}
{"logTime": "0926/103316", "correlationVector":"dZL/tDmOzEuObG9pKADdAg","action":"Commit Request", "result":"", "context":Item count: 7
Contributing types: Sessions, History}
{"logTime": "0926/103317", "correlationVector":"dZL/tDmOzEuObG9pKADdAg.1","action":"SyncServerConnectionManagerRequest", "result":"SYNC_SERVER_OK", "context":{"environment":"Prod_francecentral_prod-s01-062-eur-francecentral", "migrationStage":"NotStarted", "server":"akswtt104000009"}}
{"logTime": "0926/103317", "correlationVector":"dZL/tDmOzEuObG9pKADdAg.2","action":"Commit Response", "result":"Success", "context":Result: Success. cV=dZL/tDmOzEuObG9pKADdAg.0;server=akswtt104000009;cloudType=Consumer;environment=Prod_francecentral_prod-s01-062-eur-francecentral;migrationStage=NotStarted}
{"logTime": "0926/103617", "correlationVector":"79lpmyB+dIh0/E6mSnrshn","action":"Normal GetUpdate request", "result":"", "context":cV=79lpmyB+dIh0/E6mSnrshn
Nudged types: Sessions, History
Refresh requested types: Bookmarks, Preferences, Passwords, Autofill Profiles, Autofill, Extensions, Sessions, Extension settings, History Delete Directives, Device Info, User Consents, Send Tab To Self, Web Apps, History, Saved Tab Group, WebAuthn Credentials, Collection, Edge E Drop, Edge Hub App Usage, Edge Wallet, Encryption Keys}
{"logTime": "0926/103617", "correlationVector":"79lpmyB+dIh0/E6mSnrshn.1","action":"SyncServerConnectionManagerRequest", "result":"SYNC_SERVER_OK", "context":{"environment":"Prod_northeurope_prod-s01-084-eur-northeurope", "migrationStage":"NotStarted", "server":"akswtt10200001k"}}
{"logTime": "0926/103617", "correlationVector":"79lpmyB+dIh0/E6mSnrshn.2","action":"ProcessGetUpdates", "result":"Done", "context":{"dataType":"Preferences", "deleted":"0", "process_failed_to_decrypt":"0", "process_pending_decryption":"0", "process_success":"1", "total":"1"}}
{"logTime": "0926/103617", "correlationVector":"79lpmyB+dIh0/E6mSnrshn.3","action":"ProcessGetUpdates", "result":"Done", "context":{"dataType":"Sessions", "deleted":"0", "process_failed_to_decrypt":"0", "process_pending_decryption":"0", "process_success":"4", "total":"4"}}
{"logTime": "0926/103617", "correlationVector":"79lpmyB+dIh0/E6mSnrshn.4","action":"ProcessGetUpdates", "result":"Done", "context":{"dataType":"History", "deleted":"0", "process_failed_to_decrypt":"0", "process_pending_decryption":"0", "process_success":"10", "total":"10"}}
{"logTime": "0926/103617", "correlationVector":"79lpmyB+dIh0/E6mSnrshn.5","action":"GetUpdates Response", "result":"Success", "context":Received 15 update(s). cV=79lpmyB+dIh0/E6mSnrshn.0;server=akswtt10200001k;cloudType=Consumer;environment=Prod_northeurope_prod-s01-084-eur-northeurope;migrationStage=NotStarted}
{"logTime": "0926/103617", "correlationVector":"3DjtRZC+diOe7BiD5GaxtS","action":"Commit Request", "result":"", "context":Item count: 8
Contributing types: Preferences, Sessions, History}
{"logTime": "0926/103618", "correlationVector":"3DjtRZC+diOe7BiD5GaxtS.1","action":"SyncServerConnectionManagerRequest", "result":"SYNC_SERVER_OK", "context":{"environment":"Prod_northeurope_prod-s01-084-eur-northeurope", "migrationStage":"NotStarted", "server":"akswtt10200000b"}}
{"logTime": "0926/103618", "correlationVector":"3DjtRZC+diOe7BiD5GaxtS.3","action":"Commit.Sessions", "result":"Success", "context":{"id":"e635e417-e065-46e5-9812-4df6c278378a", "isDeleted":"true", "size":"0", "version":"1758882796927"}}
{"logTime": "0926/103618", "correlationVector":"3DjtRZC+diOe7BiD5GaxtS.4","action":"Commit.Sessions", "result":"Success", "context":{"id":"0b0c3e65-e316-4903-9cc1-128efabd8f5f", "isDeleted":"true", "size":"0", "version":"1758882796928"}}
{"logTime": "0926/103618", "correlationVector":"3DjtRZC+diOe7BiD5GaxtS.2","action":"Commit Response", "result":"Success", "context":Result: Success. cV=3DjtRZC+diOe7BiD5GaxtS.0;server=akswtt10200000b;cloudType=Consumer;environment=Prod_northeurope_prod-s01-084-eur-northeurope;migrationStage=NotStarted}
{"logTime": "0926/103618", "correlationVector":"3DjtRZC+diOe7BiD5GaxtS.5","action":"Commit.Sessions", "result":"Success", "context":{"id":"9d209203-88de-4e6d-a988-9574256cce06", "isDeleted":"true", "size":"0", "version":"1758882796929"}}
{"logTime": "0926/103651", "correlationVector":"z8zmFhd9uF+Pnf+QCp88JX","action":"Commit Request", "result":"", "context":Item count: 4
Contributing types: Preferences, Sessions, History}
{"logTime": "0926/103652", "correlationVector":"z8zmFhd9uF+Pnf+QCp88JX.1","action":"SyncServerConnectionManagerRequest", "result":"SYNC_SERVER_OK", "context":{"environment":"Prod_germanywestcentral_prod-s01-011-eur-germanywestcentral", "migrationStage":"NotStarted", "server":"akswtt10200000s"}}
{"logTime": "0926/103652", "correlationVector":"z8zmFhd9uF+Pnf+QCp88JX.2","action":"Commit Response", "result":"Success", "context":Result: Success. cV=z8zmFhd9uF+Pnf+QCp88JX.0;server=akswtt10200000s;cloudType=Consumer;environment=Prod_germanywestcentral_prod-s01-011-eur-germanywestcentral;migrationStage=NotStarted}
{"logTime": "0926/103836", "correlationVector":"ZJR9ILwgvVQtqkm8/VGoCd","action":"Commit Request", "result":"", "context":Item count: 3
Contributing types: Sessions, History}
{"logTime": "0926/103836", "correlationVector":"ZJR9ILwgvVQtqkm8/VGoCd.1","action":"SyncServerConnectionManagerRequest", "result":"SYNC_SERVER_OK", "context":{"environment":"Prod_germanywestcentral_prod-s01-010-eur-germanywestcentral", "migrationStage":"NotStarted", "server":"akswtt10200000z"}}
{"logTime": "0926/103836", "correlationVector":"ZJR9ILwgvVQtqkm8/VGoCd.2","action":"Commit Response", "result":"Success", "context":Result: Success. cV=ZJR9ILwgvVQtqkm8/VGoCd.0;server=akswtt10200000z;cloudType=Consumer;environment=Prod_germanywestcentral_prod-s01-010-eur-germanywestcentral;migrationStage=NotStarted}
{"logTime": "0926/104216", "correlationVector":"smf+UBdCNJw8UTfjLIarK+","action":"Commit Request", "result":"", "context":Item count: 3
Contributing types: Sessions, History}
{"logTime": "0926/104217", "correlationVector":"smf+UBdCNJw8UTfjLIarK+.1","action":"SyncServerConnectionManagerRequest", "result":"SYNC_SERVER_OK", "context":{"environment":"Prod_northeurope_prod-s01-084-eur-northeurope", "migrationStage":"NotStarted", "server":"akswtt10200001q"}}
{"logTime": "0926/104217", "correlationVector":"smf+UBdCNJw8UTfjLIarK+.2","action":"Commit Response", "result":"Success", "context":Result: Success. cV=smf+UBdCNJw8UTfjLIarK+.0;server=akswtt10200001q;cloudType=Consumer;environment=Prod_northeurope_prod-s01-084-eur-northeurope;migrationStage=NotStarted}
{"logTime": "0926/104330", "correlationVector":"oGnP7MgXLp1kkQkv6bNQao","action":"Commit Request", "result":"", "context":Item count: 3
Contributing types: Sessions, History}
{"logTime": "0926/104331", "correlationVector":"oGnP7MgXLp1kkQkv6bNQao.1","action":"SyncServerConnectionManagerRequest", "result":"SYNC_SERVER_OK", "context":{"environment":"Prod_northeurope_prod-s01-084-eur-northeurope", "migrationStage":"NotStarted", "server":"akswtt10200001q"}}
{"logTime": "0926/104331", "correlationVector":"oGnP7MgXLp1kkQkv6bNQao.2","action":"Commit Response", "result":"Success", "context":Result: Success. cV=oGnP7MgXLp1kkQkv6bNQao.0;server=akswtt10200001q;cloudType=Consumer;environment=Prod_northeurope_prod-s01-084-eur-northeurope;migrationStage=NotStarted}
{"logTime": "0926/104929", "correlationVector":"4wrMhHiffr0LPsbJf4JQe5","action":"Commit Request", "result":"", "context":Item count: 5
Contributing types: Sessions, History}
{"logTime": "0926/104930", "correlationVector":"4wrMhHiffr0LPsbJf4JQe5.1","action":"SyncServerConnectionManagerRequest", "result":"SYNC_SERVER_OK", "context":{"environment":"Prod_germanywestcentral_prod-s01-010-eur-germanywestcentral", "migrationStage":"NotStarted", "server":"akswtt102000009"}}
{"logTime": "0926/104930", "correlationVector":"4wrMhHiffr0LPsbJf4JQe5.2","action":"Commit Response", "result":"Success", "context":Result: Success. cV=4wrMhHiffr0LPsbJf4JQe5.0;server=akswtt102000009;cloudType=Consumer;environment=Prod_germanywestcentral_prod-s01-010-eur-germanywestcentral;migrationStage=NotStarted}
{"logTime": "0926/105146", "correlationVector":"4uXXircl3Dk4k0tme67GGZ","action":"Commit Request", "result":"", "context":Item count: 8
Contributing types: Sessions, History}
{"logTime": "0926/105147", "correlationVector":"4uXXircl3Dk4k0tme67GGZ.1","action":"SyncServerConnectionManagerRequest", "result":"SYNC_SERVER_OK", "context":{"environment":"Prod_germanywestcentral_prod-s01-010-eur-germanywestcentral", "migrationStage":"NotStarted", "server":"akswtt102000009"}}
{"logTime": "0926/105147", "correlationVector":"4uXXircl3Dk4k0tme67GGZ.2","action":"Commit Response", "result":"Success", "context":Result: Success. cV=4uXXircl3Dk4k0tme67GGZ.0;server=akswtt102000009;cloudType=Consumer;environment=Prod_germanywestcentral_prod-s01-010-eur-germanywestcentral;migrationStage=NotStarted}
